{"D:\\Cursor\\CSCI3100\\CSCI3100-Group2-Project\\frontend\\src\\App.tsx": {"path":"D:\\Cursor\\CSCI3100\\CSCI3100-Group2-Project\\frontend\\src\\App.tsx","all":true,"statementMap":{"0":{"start":{"line":1,"column":0},"end":{"line":1,"column":44}},"8":{"start":{"line":9,"column":0},"end":{"line":9,"column":28}},"9":{"start":{"line":10,"column":0},"end":{"line":10,"column":41}},"10":{"start":{"line":11,"column":0},"end":{"line":11,"column":66}},"11":{"start":{"line":12,"column":0},"end":{"line":12,"column":51}},"12":{"start":{"line":13,"column":0},"end":{"line":13,"column":58}},"14":{"start":{"line":15,"column":0},"end":{"line":15,"column":19}},"15":{"start":{"line":16,"column":0},"end":{"line":16,"column":38}},"16":{"start":{"line":17,"column":0},"end":{"line":17,"column":11}},"17":{"start":{"line":18,"column":0},"end":{"line":18,"column":27}},"18":{"start":{"line":19,"column":0},"end":{"line":19,"column":23}},"19":{"start":{"line":20,"column":0},"end":{"line":20,"column":43}},"20":{"start":{"line":21,"column":0},"end":{"line":21,"column":28}},"21":{"start":{"line":22,"column":0},"end":{"line":22,"column":21}},"22":{"start":{"line":23,"column":0},"end":{"line":23,"column":84}},"23":{"start":{"line":24,"column":0},"end":{"line":24,"column":17}},"24":{"start":{"line":25,"column":0},"end":{"line":25,"column":28}},"25":{"start":{"line":26,"column":0},"end":{"line":26,"column":7}},"26":{"start":{"line":27,"column":0},"end":{"line":27,"column":5}},"27":{"start":{"line":28,"column":0},"end":{"line":28,"column":27}},"28":{"start":{"line":29,"column":0},"end":{"line":29,"column":9}},"30":{"start":{"line":31,"column":0},"end":{"line":31,"column":84}},"31":{"start":{"line":32,"column":0},"end":{"line":32,"column":64}},"33":{"start":{"line":34,"column":0},"end":{"line":34,"column":10}},"34":{"start":{"line":35,"column":0},"end":{"line":35,"column":59}},"35":{"start":{"line":36,"column":0},"end":{"line":36,"column":71}},"36":{"start":{"line":37,"column":0},"end":{"line":37,"column":52}},"37":{"start":{"line":38,"column":0},"end":{"line":38,"column":16}},"38":{"start":{"line":39,"column":0},"end":{"line":39,"column":48}},"39":{"start":{"line":40,"column":0},"end":{"line":40,"column":69}},"40":{"start":{"line":41,"column":0},"end":{"line":41,"column":17}},"41":{"start":{"line":42,"column":0},"end":{"line":42,"column":13}},"42":{"start":{"line":43,"column":0},"end":{"line":43,"column":10}},"44":{"start":{"line":45,"column":0},"end":{"line":45,"column":1}},"46":{"start":{"line":47,"column":0},"end":{"line":47,"column":28}},"47":{"start":{"line":48,"column":0},"end":{"line":48,"column":33}},"48":{"start":{"line":49,"column":0},"end":{"line":49,"column":75}},"50":{"start":{"line":51,"column":0},"end":{"line":51,"column":19}},"51":{"start":{"line":52,"column":0},"end":{"line":52,"column":38}},"52":{"start":{"line":53,"column":0},"end":{"line":53,"column":11}},"53":{"start":{"line":54,"column":0},"end":{"line":54,"column":43}},"54":{"start":{"line":55,"column":0},"end":{"line":55,"column":28}},"55":{"start":{"line":56,"column":0},"end":{"line":56,"column":15}},"56":{"start":{"line":57,"column":0},"end":{"line":57,"column":27}},"57":{"start":{"line":58,"column":0},"end":{"line":58,"column":7}},"58":{"start":{"line":59,"column":0},"end":{"line":59,"column":5}},"59":{"start":{"line":60,"column":0},"end":{"line":60,"column":27}},"60":{"start":{"line":61,"column":0},"end":{"line":61,"column":9}},"62":{"start":{"line":63,"column":0},"end":{"line":63,"column":83}},"64":{"start":{"line":65,"column":0},"end":{"line":65,"column":44}},"65":{"start":{"line":66,"column":0},"end":{"line":66,"column":22}},"66":{"start":{"line":67,"column":0},"end":{"line":67,"column":70}},"67":{"start":{"line":68,"column":0},"end":{"line":68,"column":3}},"69":{"start":{"line":70,"column":0},"end":{"line":70,"column":92}},"70":{"start":{"line":71,"column":0},"end":{"line":71,"column":1}},"72":{"start":{"line":73,"column":0},"end":{"line":73,"column":31}},"73":{"start":{"line":74,"column":0},"end":{"line":74,"column":10}},"74":{"start":{"line":75,"column":0},"end":{"line":75,"column":12}},"75":{"start":{"line":76,"column":0},"end":{"line":76,"column":54}},"76":{"start":{"line":77,"column":0},"end":{"line":77,"column":73}},"77":{"start":{"line":78,"column":0},"end":{"line":78,"column":54}},"78":{"start":{"line":79,"column":0},"end":{"line":79,"column":13}},"80":{"start":{"line":81,"column":0},"end":{"line":81,"column":1}}},"s":{"0":0,"8":0,"9":0,"10":0,"11":0,"12":0,"14":0,"15":0,"16":0,"17":0,"18":0,"19":0,"20":0,"21":0,"22":0,"23":0,"24":0,"25":0,"26":0,"27":0,"28":0,"30":0,"31":0,"33":0,"34":0,"35":0,"36":0,"37":0,"38":0,"39":0,"40":0,"41":0,"42":0,"44":0,"46":0,"47":0,"48":0,"50":0,"51":0,"52":0,"53":0,"54":0,"55":0,"56":0,"57":0,"58":0,"59":0,"60":0,"62":0,"64":0,"65":0,"66":0,"67":0,"69":0,"70":0,"72":0,"73":0,"74":0,"75":0,"76":0,"77":0,"78":0,"80":0},"branchMap":{"0":{"type":"branch","line":1,"loc":{"start":{"line":1,"column":0},"end":{"line":81,"column":-1242}},"locations":[{"start":{"line":1,"column":0},"end":{"line":81,"column":-1242}}]}},"b":{"0":[0]},"fnMap":{"0":{"name":"(empty-report)","decl":{"start":{"line":1,"column":0},"end":{"line":81,"column":-1242}},"loc":{"start":{"line":1,"column":0},"end":{"line":81,"column":-1242}},"line":1}},"f":{"0":0}}
,"D:\\Cursor\\CSCI3100\\CSCI3100-Group2-Project\\frontend\\src\\counter.ts": {"path":"D:\\Cursor\\CSCI3100\\CSCI3100-Group2-Project\\frontend\\src\\counter.ts","all":false,"statementMap":{"0":{"start":{"line":1,"column":0},"end":{"line":1,"column":58}},"1":{"start":{"line":2,"column":0},"end":{"line":2,"column":17}},"2":{"start":{"line":3,"column":0},"end":{"line":3,"column":41}},"3":{"start":{"line":4,"column":0},"end":{"line":4,"column":19}},"4":{"start":{"line":5,"column":0},"end":{"line":5,"column":45}},"5":{"start":{"line":6,"column":0},"end":{"line":6,"column":3}},"6":{"start":{"line":7,"column":0},"end":{"line":7,"column":66}},"7":{"start":{"line":8,"column":0},"end":{"line":8,"column":15}},"8":{"start":{"line":9,"column":0},"end":{"line":9,"column":1}}},"s":{"0":1,"1":3,"2":3,"3":7,"4":7,"5":7,"6":3,"7":3,"8":3},"branchMap":{"0":{"type":"branch","line":1,"loc":{"start":{"line":1,"column":7},"end":{"line":9,"column":1}},"locations":[{"start":{"line":1,"column":7},"end":{"line":9,"column":1}}]},"1":{"type":"branch","line":3,"loc":{"start":{"line":3,"column":21},"end":{"line":6,"column":3}},"locations":[{"start":{"line":3,"column":21},"end":{"line":6,"column":3}}]},"2":{"type":"branch","line":7,"loc":{"start":{"line":7,"column":36},"end":{"line":7,"column":65}},"locations":[{"start":{"line":7,"column":36},"end":{"line":7,"column":65}}]}},"b":{"0":[3],"1":[7],"2":[4]},"fnMap":{"0":{"name":"setupCounter","decl":{"start":{"line":1,"column":7},"end":{"line":9,"column":1}},"loc":{"start":{"line":1,"column":7},"end":{"line":9,"column":1}},"line":1},"1":{"name":"setCounter","decl":{"start":{"line":3,"column":21},"end":{"line":6,"column":3}},"loc":{"start":{"line":3,"column":21},"end":{"line":6,"column":3}},"line":3}},"f":{"0":3,"1":7}}
,"D:\\Cursor\\CSCI3100\\CSCI3100-Group2-Project\\frontend\\src\\main.ts": {"path":"D:\\Cursor\\CSCI3100\\CSCI3100-Group2-Project\\frontend\\src\\main.ts","all":true,"statementMap":{"0":{"start":{"line":1,"column":0},"end":{"line":1,"column":20}},"1":{"start":{"line":2,"column":0},"end":{"line":2,"column":52}},"2":{"start":{"line":3,"column":0},"end":{"line":3,"column":40}},"3":{"start":{"line":4,"column":0},"end":{"line":4,"column":39}},"4":{"start":{"line":5,"column":0},"end":{"line":5,"column":43}},"6":{"start":{"line":7,"column":0},"end":{"line":7,"column":61}},"9":{"start":{"line":10,"column":0},"end":{"line":10,"column":64}},"10":{"start":{"line":11,"column":0},"end":{"line":11,"column":74}},"11":{"start":{"line":12,"column":0},"end":{"line":12,"column":56}},"30":{"start":{"line":31,"column":0},"end":{"line":31,"column":53}},"36":{"start":{"line":37,"column":0},"end":{"line":37,"column":66}},"59":{"start":{"line":60,"column":0},"end":{"line":60,"column":68}}},"s":{"0":0,"1":0,"2":0,"3":0,"4":0,"6":0,"9":0,"10":0,"11":0,"30":0,"36":0,"59":0},"branchMap":{"0":{"type":"branch","line":1,"loc":{"start":{"line":1,"column":0},"end":{"line":60,"column":-1143}},"locations":[{"start":{"line":1,"column":0},"end":{"line":60,"column":-1143}}]}},"b":{"0":[0]},"fnMap":{"0":{"name":"(empty-report)","decl":{"start":{"line":1,"column":0},"end":{"line":60,"column":-1143}},"loc":{"start":{"line":1,"column":0},"end":{"line":60,"column":-1143}},"line":1}},"f":{"0":0}}
,"D:\\Cursor\\CSCI3100\\CSCI3100-Group2-Project\\frontend\\src\\main.tsx": {"path":"D:\\Cursor\\CSCI3100\\CSCI3100-Group2-Project\\frontend\\src\\main.tsx","all":true,"statementMap":{"0":{"start":{"line":1,"column":0},"end":{"line":1,"column":26}},"1":{"start":{"line":2,"column":0},"end":{"line":2,"column":40}},"2":{"start":{"line":3,"column":0},"end":{"line":3,"column":49}},"3":{"start":{"line":4,"column":0},"end":{"line":4,"column":24}},"4":{"start":{"line":5,"column":0},"end":{"line":5,"column":21}},"6":{"start":{"line":7,"column":0},"end":{"line":7,"column":60}},"7":{"start":{"line":8,"column":0},"end":{"line":8,"column":20}},"8":{"start":{"line":9,"column":0},"end":{"line":9,"column":19}},"9":{"start":{"line":10,"column":0},"end":{"line":10,"column":13}},"10":{"start":{"line":11,"column":0},"end":{"line":11,"column":20}},"11":{"start":{"line":12,"column":0},"end":{"line":12,"column":22}},"12":{"start":{"line":13,"column":0},"end":{"line":13,"column":2}}},"s":{"0":0,"1":0,"2":0,"3":0,"4":0,"6":0,"7":0,"8":0,"9":0,"10":0,"11":0,"12":0},"branchMap":{"0":{"type":"branch","line":1,"loc":{"start":{"line":1,"column":340},"end":{"line":13,"column":2}},"locations":[{"start":{"line":1,"column":340},"end":{"line":13,"column":2}}]}},"b":{"0":[0]},"fnMap":{"0":{"name":"(empty-report)","decl":{"start":{"line":1,"column":340},"end":{"line":13,"column":2}},"loc":{"start":{"line":1,"column":340},"end":{"line":13,"column":2}},"line":1}},"f":{"0":0}}
,"D:\\Cursor\\CSCI3100\\CSCI3100-Group2-Project\\frontend\\src\\components\\CommunityRuleBanner.tsx": {"path":"D:\\Cursor\\CSCI3100\\CSCI3100-Group2-Project\\frontend\\src\\components\\CommunityRuleBanner.tsx","all":false,"statementMap":{"0":{"start":{"line":1,"column":0},"end":{"line":1,"column":58}},"6":{"start":{"line":7,"column":0},"end":{"line":7,"column":81}},"7":{"start":{"line":8,"column":0},"end":{"line":8,"column":49}},"9":{"start":{"line":10,"column":0},"end":{"line":10,"column":10}},"10":{"start":{"line":11,"column":0},"end":{"line":11,"column":101}},"11":{"start":{"line":12,"column":0},"end":{"line":12,"column":100}},"12":{"start":{"line":13,"column":0},"end":{"line":13,"column":10}},"14":{"start":{"line":15,"column":0},"end":{"line":15,"column":1}}},"s":{"0":1,"6":38,"7":38,"9":3,"10":3,"11":3,"12":3,"14":3},"branchMap":{"0":{"type":"branch","line":7,"loc":{"start":{"line":7,"column":0},"end":{"line":15,"column":1}},"locations":[{"start":{"line":7,"column":0},"end":{"line":15,"column":1}}]},"1":{"type":"branch","line":8,"loc":{"start":{"line":8,"column":7},"end":{"line":8,"column":37}},"locations":[{"start":{"line":8,"column":7},"end":{"line":8,"column":37}}]},"2":{"type":"branch","line":8,"loc":{"start":{"line":8,"column":37},"end":{"line":8,"column":49}},"locations":[{"start":{"line":8,"column":37},"end":{"line":8,"column":49}}]},"3":{"type":"branch","line":8,"loc":{"start":{"line":8,"column":44},"end":{"line":15,"column":1}},"locations":[{"start":{"line":8,"column":44},"end":{"line":15,"column":1}}]}},"b":{"0":[38],"1":[37],"2":[35],"3":[3]},"fnMap":{"0":{"name":"CommunityRuleBanner","decl":{"start":{"line":7,"column":0},"end":{"line":15,"column":1}},"loc":{"start":{"line":7,"column":0},"end":{"line":15,"column":1}},"line":7}},"f":{"0":38}}
,"D:\\Cursor\\CSCI3100\\CSCI3100-Group2-Project\\frontend\\src\\components\\FilterPanel.tsx": {"path":"D:\\Cursor\\CSCI3100\\CSCI3100-Group2-Project\\frontend\\src\\components\\FilterPanel.tsx","all":false,"statementMap":{"0":{"start":{"line":1,"column":0},"end":{"line":1,"column":84}},"11":{"start":{"line":12,"column":0},"end":{"line":12,"column":68}},"13":{"start":{"line":14,"column":0},"end":{"line":14,"column":59}},"14":{"start":{"line":15,"column":0},"end":{"line":15,"column":29}},"15":{"start":{"line":16,"column":0},"end":{"line":16,"column":73}},"16":{"start":{"line":17,"column":0},"end":{"line":17,"column":29}},"17":{"start":{"line":18,"column":0},"end":{"line":18,"column":1}},"19":{"start":{"line":20,"column":0},"end":{"line":20,"column":109}},"20":{"start":{"line":21,"column":0},"end":{"line":21,"column":68}},"21":{"start":{"line":22,"column":0},"end":{"line":22,"column":113}},"23":{"start":{"line":24,"column":0},"end":{"line":24,"column":60}},"24":{"start":{"line":25,"column":0},"end":{"line":25,"column":44}},"26":{"start":{"line":27,"column":0},"end":{"line":27,"column":10}},"27":{"start":{"line":28,"column":0},"end":{"line":28,"column":68}},"28":{"start":{"line":29,"column":0},"end":{"line":29,"column":57}},"29":{"start":{"line":30,"column":0},"end":{"line":30,"column":70}},"30":{"start":{"line":31,"column":0},"end":{"line":31,"column":15}},"31":{"start":{"line":32,"column":0},"end":{"line":32,"column":23}},"32":{"start":{"line":33,"column":0},"end":{"line":33,"column":27}},"33":{"start":{"line":34,"column":0},"end":{"line":34,"column":112}},"34":{"start":{"line":35,"column":0},"end":{"line":35,"column":9}},"36":{"start":{"line":37,"column":0},"end":{"line":37,"column":17}},"37":{"start":{"line":38,"column":0},"end":{"line":38,"column":12}},"39":{"start":{"line":40,"column":0},"end":{"line":40,"column":38}},"40":{"start":{"line":41,"column":0},"end":{"line":41,"column":13}},"41":{"start":{"line":42,"column":0},"end":{"line":42,"column":69}},"42":{"start":{"line":43,"column":0},"end":{"line":43,"column":53}},"43":{"start":{"line":44,"column":0},"end":{"line":44,"column":42}},"44":{"start":{"line":45,"column":0},"end":{"line":45,"column":70}},"45":{"start":{"line":46,"column":0},"end":{"line":46,"column":22}},"46":{"start":{"line":47,"column":0},"end":{"line":47,"column":22}},"47":{"start":{"line":48,"column":0},"end":{"line":48,"column":30}},"48":{"start":{"line":49,"column":0},"end":{"line":49,"column":85}},"49":{"start":{"line":50,"column":0},"end":{"line":50,"column":113}},"50":{"start":{"line":51,"column":0},"end":{"line":51,"column":21}},"52":{"start":{"line":53,"column":0},"end":{"line":53,"column":24}},"53":{"start":{"line":54,"column":0},"end":{"line":54,"column":35}},"54":{"start":{"line":55,"column":0},"end":{"line":55,"column":39}},"55":{"start":{"line":56,"column":0},"end":{"line":56,"column":37}},"56":{"start":{"line":57,"column":0},"end":{"line":57,"column":107}},"57":{"start":{"line":58,"column":0},"end":{"line":58,"column":20}},"58":{"start":{"line":59,"column":0},"end":{"line":59,"column":37}},"59":{"start":{"line":60,"column":0},"end":{"line":60,"column":24}},"61":{"start":{"line":62,"column":0},"end":{"line":62,"column":15}},"62":{"start":{"line":63,"column":0},"end":{"line":63,"column":16}},"63":{"start":{"line":64,"column":0},"end":{"line":64,"column":14}},"65":{"start":{"line":66,"column":0},"end":{"line":66,"column":13}},"66":{"start":{"line":67,"column":0},"end":{"line":67,"column":73}},"67":{"start":{"line":68,"column":0},"end":{"line":68,"column":53}},"68":{"start":{"line":69,"column":0},"end":{"line":69,"column":38}},"69":{"start":{"line":70,"column":0},"end":{"line":70,"column":69}},"70":{"start":{"line":71,"column":0},"end":{"line":71,"column":22}},"71":{"start":{"line":72,"column":0},"end":{"line":72,"column":22}},"72":{"start":{"line":73,"column":0},"end":{"line":73,"column":27}},"73":{"start":{"line":74,"column":0},"end":{"line":74,"column":85}},"74":{"start":{"line":75,"column":0},"end":{"line":75,"column":113}},"75":{"start":{"line":76,"column":0},"end":{"line":76,"column":21}},"77":{"start":{"line":78,"column":0},"end":{"line":78,"column":24}},"78":{"start":{"line":79,"column":0},"end":{"line":79,"column":35}},"79":{"start":{"line":80,"column":0},"end":{"line":80,"column":39}},"80":{"start":{"line":81,"column":0},"end":{"line":81,"column":37}},"81":{"start":{"line":82,"column":0},"end":{"line":82,"column":108}},"82":{"start":{"line":83,"column":0},"end":{"line":83,"column":20}},"83":{"start":{"line":84,"column":0},"end":{"line":84,"column":34}},"84":{"start":{"line":85,"column":0},"end":{"line":85,"column":24}},"86":{"start":{"line":87,"column":0},"end":{"line":87,"column":15}},"87":{"start":{"line":88,"column":0},"end":{"line":88,"column":16}},"88":{"start":{"line":89,"column":0},"end":{"line":89,"column":44}},"89":{"start":{"line":90,"column":0},"end":{"line":90,"column":88}},"91":{"start":{"line":92,"column":0},"end":{"line":92,"column":14}},"93":{"start":{"line":94,"column":0},"end":{"line":94,"column":13}},"94":{"start":{"line":95,"column":0},"end":{"line":95,"column":80}},"95":{"start":{"line":96,"column":0},"end":{"line":96,"column":55}},"96":{"start":{"line":97,"column":0},"end":{"line":97,"column":17}},"97":{"start":{"line":98,"column":0},"end":{"line":98,"column":80}},"99":{"start":{"line":100,"column":0},"end":{"line":100,"column":22}},"100":{"start":{"line":101,"column":0},"end":{"line":101,"column":20}},"101":{"start":{"line":102,"column":0},"end":{"line":102,"column":29}},"102":{"start":{"line":103,"column":0},"end":{"line":103,"column":29}},"103":{"start":{"line":104,"column":0},"end":{"line":104,"column":23}},"104":{"start":{"line":105,"column":0},"end":{"line":105,"column":30}},"105":{"start":{"line":106,"column":0},"end":{"line":106,"column":126}},"106":{"start":{"line":107,"column":0},"end":{"line":107,"column":44}},"107":{"start":{"line":108,"column":0},"end":{"line":108,"column":32}},"108":{"start":{"line":109,"column":0},"end":{"line":109,"column":28}},"109":{"start":{"line":110,"column":0},"end":{"line":110,"column":29}},"110":{"start":{"line":111,"column":0},"end":{"line":111,"column":89}},"111":{"start":{"line":112,"column":0},"end":{"line":112,"column":20}},"113":{"start":{"line":114,"column":0},"end":{"line":114,"column":16}},"114":{"start":{"line":115,"column":0},"end":{"line":115,"column":18}},"115":{"start":{"line":116,"column":0},"end":{"line":116,"column":17}},"116":{"start":{"line":117,"column":0},"end":{"line":117,"column":80}},"118":{"start":{"line":119,"column":0},"end":{"line":119,"column":22}},"119":{"start":{"line":120,"column":0},"end":{"line":120,"column":20}},"120":{"start":{"line":121,"column":0},"end":{"line":121,"column":29}},"121":{"start":{"line":122,"column":0},"end":{"line":122,"column":29}},"122":{"start":{"line":123,"column":0},"end":{"line":123,"column":23}},"123":{"start":{"line":124,"column":0},"end":{"line":124,"column":30}},"124":{"start":{"line":125,"column":0},"end":{"line":125,"column":126}},"125":{"start":{"line":126,"column":0},"end":{"line":126,"column":44}},"126":{"start":{"line":127,"column":0},"end":{"line":127,"column":32}},"127":{"start":{"line":128,"column":0},"end":{"line":128,"column":28}},"128":{"start":{"line":129,"column":0},"end":{"line":129,"column":29}},"129":{"start":{"line":130,"column":0},"end":{"line":130,"column":89}},"130":{"start":{"line":131,"column":0},"end":{"line":131,"column":20}},"132":{"start":{"line":133,"column":0},"end":{"line":133,"column":16}},"133":{"start":{"line":134,"column":0},"end":{"line":134,"column":18}},"134":{"start":{"line":135,"column":0},"end":{"line":135,"column":16}},"135":{"start":{"line":136,"column":0},"end":{"line":136,"column":41}},"136":{"start":{"line":137,"column":0},"end":{"line":137,"column":97}},"138":{"start":{"line":139,"column":0},"end":{"line":139,"column":14}},"139":{"start":{"line":140,"column":0},"end":{"line":140,"column":12}},"141":{"start":{"line":142,"column":0},"end":{"line":142,"column":13}},"142":{"start":{"line":143,"column":0},"end":{"line":143,"column":21}},"143":{"start":{"line":144,"column":0},"end":{"line":144,"column":25}},"144":{"start":{"line":145,"column":0},"end":{"line":145,"column":110}},"145":{"start":{"line":146,"column":0},"end":{"line":146,"column":7}},"147":{"start":{"line":148,"column":0},"end":{"line":148,"column":15}},"148":{"start":{"line":149,"column":0},"end":{"line":149,"column":10}},"150":{"start":{"line":151,"column":0},"end":{"line":151,"column":1}}},"s":{"0":1,"11":1,"13":2,"14":2,"15":2,"16":2,"17":2,"19":25,"20":25,"21":25,"23":25,"24":25,"26":25,"27":25,"28":25,"29":25,"30":25,"31":25,"32":25,"33":25,"34":25,"36":25,"37":25,"39":25,"40":25,"41":25,"42":25,"43":25,"44":75,"45":75,"46":75,"47":75,"48":75,"49":75,"50":75,"52":75,"53":75,"54":75,"55":75,"56":75,"57":75,"58":75,"59":75,"61":25,"62":25,"63":25,"65":25,"66":25,"67":25,"68":25,"69":56,"70":56,"71":56,"72":56,"73":56,"74":56,"75":56,"77":56,"78":56,"79":56,"80":56,"81":56,"82":56,"83":56,"84":56,"86":25,"87":25,"88":25,"89":19,"91":25,"93":25,"94":25,"95":25,"96":25,"97":25,"99":25,"100":25,"101":25,"102":25,"103":25,"104":25,"105":25,"106":25,"107":25,"108":8,"109":8,"110":8,"111":8,"113":25,"114":25,"115":25,"116":25,"118":25,"119":25,"120":25,"121":25,"122":25,"123":25,"124":25,"125":25,"126":25,"127":3,"128":3,"129":3,"130":3,"132":25,"133":25,"134":25,"135":25,"136":19,"138":25,"139":25,"141":25,"142":25,"143":25,"144":25,"145":25,"147":25,"148":25,"150":25},"branchMap":{"0":{"type":"branch","line":14,"loc":{"start":{"line":14,"column":0},"end":{"line":18,"column":1}},"locations":[{"start":{"line":14,"column":0},"end":{"line":18,"column":1}}]},"1":{"type":"branch","line":16,"loc":{"start":{"line":16,"column":31},"end":{"line":16,"column":73}},"locations":[{"start":{"line":16,"column":31},"end":{"line":16,"column":73}}]},"2":{"type":"branch","line":20,"loc":{"start":{"line":20,"column":0},"end":{"line":151,"column":1}},"locations":[{"start":{"line":20,"column":0},"end":{"line":151,"column":1}}]},"3":{"type":"branch","line":21,"loc":{"start":{"line":21,"column":28},"end":{"line":21,"column":65}},"locations":[{"start":{"line":21,"column":28},"end":{"line":21,"column":65}}]},"4":{"type":"branch","line":21,"loc":{"start":{"line":21,"column":43},"end":{"line":21,"column":68}},"locations":[{"start":{"line":21,"column":43},"end":{"line":21,"column":68}}]},"5":{"type":"branch","line":22,"loc":{"start":{"line":22,"column":48},"end":{"line":22,"column":72}},"locations":[{"start":{"line":22,"column":48},"end":{"line":22,"column":72}}]},"6":{"type":"branch","line":22,"loc":{"start":{"line":22,"column":52},"end":{"line":22,"column":113}},"locations":[{"start":{"line":22,"column":52},"end":{"line":22,"column":113}}]},"7":{"type":"branch","line":24,"loc":{"start":{"line":24,"column":27},"end":{"line":24,"column":55}},"locations":[{"start":{"line":24,"column":27},"end":{"line":24,"column":55}}]},"8":{"type":"branch","line":24,"loc":{"start":{"line":24,"column":42},"end":{"line":24,"column":60}},"locations":[{"start":{"line":24,"column":42},"end":{"line":24,"column":60}}]},"9":{"type":"branch","line":25,"loc":{"start":{"line":25,"column":19},"end":{"line":25,"column":44}},"locations":[{"start":{"line":25,"column":19},"end":{"line":25,"column":44}}]},"10":{"type":"branch","line":89,"loc":{"start":{"line":89,"column":38},"end":{"line":90,"column":88}},"locations":[{"start":{"line":89,"column":38},"end":{"line":90,"column":88}}]},"11":{"type":"branch","line":107,"loc":{"start":{"line":107,"column":29},"end":{"line":107,"column":44}},"locations":[{"start":{"line":107,"column":29},"end":{"line":107,"column":44}}]},"12":{"type":"branch","line":126,"loc":{"start":{"line":126,"column":29},"end":{"line":126,"column":44}},"locations":[{"start":{"line":126,"column":29},"end":{"line":126,"column":44}}]},"13":{"type":"branch","line":136,"loc":{"start":{"line":136,"column":32},"end":{"line":137,"column":97}},"locations":[{"start":{"line":136,"column":32},"end":{"line":137,"column":97}}]},"14":{"type":"branch","line":44,"loc":{"start":{"line":44,"column":29},"end":{"line":62,"column":13}},"locations":[{"start":{"line":44,"column":29},"end":{"line":62,"column":13}}]},"15":{"type":"branch","line":50,"loc":{"start":{"line":50,"column":20},"end":{"line":50,"column":73}},"locations":[{"start":{"line":50,"column":20},"end":{"line":50,"column":73}}]},"16":{"type":"branch","line":57,"loc":{"start":{"line":57,"column":30},"end":{"line":57,"column":107}},"locations":[{"start":{"line":57,"column":30},"end":{"line":57,"column":107}}]},"17":{"type":"branch","line":69,"loc":{"start":{"line":69,"column":28},"end":{"line":87,"column":13}},"locations":[{"start":{"line":69,"column":28},"end":{"line":87,"column":13}}]},"18":{"type":"branch","line":75,"loc":{"start":{"line":75,"column":20},"end":{"line":75,"column":73}},"locations":[{"start":{"line":75,"column":20},"end":{"line":75,"column":73}}]},"19":{"type":"branch","line":82,"loc":{"start":{"line":82,"column":30},"end":{"line":82,"column":108}},"locations":[{"start":{"line":82,"column":30},"end":{"line":82,"column":108}}]},"20":{"type":"branch","line":108,"loc":{"start":{"line":108,"column":26},"end":{"line":112,"column":20}},"locations":[{"start":{"line":108,"column":26},"end":{"line":112,"column":20}}]},"21":{"type":"branch","line":111,"loc":{"start":{"line":111,"column":49},"end":{"line":111,"column":66}},"locations":[{"start":{"line":111,"column":49},"end":{"line":111,"column":66}}]},"22":{"type":"branch","line":127,"loc":{"start":{"line":127,"column":26},"end":{"line":131,"column":20}},"locations":[{"start":{"line":127,"column":26},"end":{"line":131,"column":20}}]},"23":{"type":"branch","line":130,"loc":{"start":{"line":130,"column":49},"end":{"line":130,"column":66}},"locations":[{"start":{"line":130,"column":49},"end":{"line":130,"column":66}}]}},"b":{"0":[2],"1":[0],"2":[25],"3":[19],"4":[6],"5":[19],"6":[6],"7":[19],"8":[6],"9":[6],"10":[19],"11":[16],"12":[24],"13":[19],"14":[75],"15":[0],"16":[1],"17":[56],"18":[0],"19":[1],"20":[8],"21":[0],"22":[3],"23":[0]},"fnMap":{"0":{"name":"toggleInList","decl":{"start":{"line":14,"column":0},"end":{"line":18,"column":1}},"loc":{"start":{"line":14,"column":0},"end":{"line":18,"column":1}},"line":14},"1":{"name":"FilterPanel","decl":{"start":{"line":20,"column":0},"end":{"line":151,"column":1}},"loc":{"start":{"line":20,"column":0},"end":{"line":151,"column":1}},"line":20},"2":{"name":"onChange","decl":{"start":{"line":57,"column":30},"end":{"line":57,"column":107}},"loc":{"start":{"line":57,"column":30},"end":{"line":57,"column":107}},"line":57},"3":{"name":"onChange","decl":{"start":{"line":82,"column":30},"end":{"line":82,"column":108}},"loc":{"start":{"line":82,"column":30},"end":{"line":82,"column":108}},"line":82},"4":{"name":"onChange","decl":{"start":{"line":108,"column":26},"end":{"line":112,"column":20}},"loc":{"start":{"line":108,"column":26},"end":{"line":112,"column":20}},"line":108},"5":{"name":"onChange","decl":{"start":{"line":127,"column":26},"end":{"line":131,"column":20}},"loc":{"start":{"line":127,"column":26},"end":{"line":131,"column":20}},"line":127}},"f":{"0":2,"1":25,"2":1,"3":1,"4":8,"5":3}}
,"D:\\Cursor\\CSCI3100\\CSCI3100-Group2-Project\\frontend\\src\\components\\ListingCard.tsx": {"path":"D:\\Cursor\\CSCI3100\\CSCI3100-Group2-Project\\frontend\\src\\components\\ListingCard.tsx","all":false,"statementMap":{"0":{"start":{"line":1,"column":0},"end":{"line":1,"column":40}},"9":{"start":{"line":10,"column":0},"end":{"line":10,"column":46}},"10":{"start":{"line":11,"column":0},"end":{"line":11,"column":19}},"11":{"start":{"line":12,"column":0},"end":{"line":12,"column":21}},"12":{"start":{"line":13,"column":0},"end":{"line":13,"column":65}},"13":{"start":{"line":14,"column":0},"end":{"line":14,"column":20}},"14":{"start":{"line":15,"column":0},"end":{"line":15,"column":59}},"15":{"start":{"line":16,"column":0},"end":{"line":16,"column":16}},"16":{"start":{"line":17,"column":0},"end":{"line":17,"column":57}},"17":{"start":{"line":18,"column":0},"end":{"line":18,"column":12}},"18":{"start":{"line":19,"column":0},"end":{"line":19,"column":57}},"19":{"start":{"line":20,"column":0},"end":{"line":20,"column":3}},"20":{"start":{"line":21,"column":0},"end":{"line":21,"column":1}},"22":{"start":{"line":23,"column":0},"end":{"line":23,"column":80}},"23":{"start":{"line":24,"column":0},"end":{"line":24,"column":10}},"24":{"start":{"line":25,"column":0},"end":{"line":25,"column":68}},"25":{"start":{"line":26,"column":0},"end":{"line":26,"column":62}},"26":{"start":{"line":27,"column":0},"end":{"line":27,"column":33}},"27":{"start":{"line":28,"column":0},"end":{"line":28,"column":86}},"28":{"start":{"line":29,"column":0},"end":{"line":29,"column":52}},"29":{"start":{"line":30,"column":0},"end":{"line":30,"column":59}},"30":{"start":{"line":31,"column":0},"end":{"line":31,"column":14}},"31":{"start":{"line":32,"column":0},"end":{"line":32,"column":14}},"32":{"start":{"line":33,"column":0},"end":{"line":33,"column":103}},"33":{"start":{"line":34,"column":0},"end":{"line":34,"column":34}},"34":{"start":{"line":35,"column":0},"end":{"line":35,"column":15}},"35":{"start":{"line":36,"column":0},"end":{"line":36,"column":12}},"37":{"start":{"line":38,"column":0},"end":{"line":38,"column":62}},"38":{"start":{"line":39,"column":0},"end":{"line":39,"column":105}},"39":{"start":{"line":40,"column":0},"end":{"line":40,"column":13}},"40":{"start":{"line":41,"column":0},"end":{"line":41,"column":53}},"41":{"start":{"line":42,"column":0},"end":{"line":42,"column":100}},"42":{"start":{"line":43,"column":0},"end":{"line":43,"column":9}},"44":{"start":{"line":45,"column":0},"end":{"line":45,"column":15}},"45":{"start":{"line":46,"column":0},"end":{"line":46,"column":12}},"46":{"start":{"line":47,"column":0},"end":{"line":47,"column":10}},"48":{"start":{"line":49,"column":0},"end":{"line":49,"column":1}}},"s":{"0":1,"9":42,"10":42,"11":42,"12":23,"13":42,"14":2,"15":42,"16":17,"17":42,"18":0,"19":42,"20":42,"22":42,"23":42,"24":42,"25":42,"26":42,"27":42,"28":42,"29":42,"30":42,"31":42,"32":42,"33":42,"34":42,"35":42,"37":42,"38":42,"39":42,"40":42,"41":42,"42":42,"44":42,"45":42,"46":42,"48":42},"branchMap":{"0":{"type":"branch","line":10,"loc":{"start":{"line":10,"column":0},"end":{"line":21,"column":1}},"locations":[{"start":{"line":10,"column":0},"end":{"line":21,"column":1}}]},"1":{"type":"branch","line":12,"loc":{"start":{"line":12,"column":4},"end":{"line":13,"column":65}},"locations":[{"start":{"line":12,"column":4},"end":{"line":13,"column":65}}]},"2":{"type":"branch","line":14,"loc":{"start":{"line":14,"column":4},"end":{"line":15,"column":59}},"locations":[{"start":{"line":14,"column":4},"end":{"line":15,"column":59}}]},"3":{"type":"branch","line":16,"loc":{"start":{"line":16,"column":4},"end":{"line":17,"column":57}},"locations":[{"start":{"line":16,"column":4},"end":{"line":17,"column":57}}]},"4":{"type":"branch","line":18,"loc":{"start":{"line":18,"column":4},"end":{"line":19,"column":57}},"locations":[{"start":{"line":18,"column":4},"end":{"line":19,"column":57}}]},"5":{"type":"branch","line":23,"loc":{"start":{"line":23,"column":0},"end":{"line":49,"column":1}},"locations":[{"start":{"line":23,"column":0},"end":{"line":49,"column":1}}]}},"b":{"0":[42],"1":[23],"2":[2],"3":[17],"4":[0],"5":[42]},"fnMap":{"0":{"name":"statusClass","decl":{"start":{"line":10,"column":0},"end":{"line":21,"column":1}},"loc":{"start":{"line":10,"column":0},"end":{"line":21,"column":1}},"line":10},"1":{"name":"ListingCard","decl":{"start":{"line":23,"column":0},"end":{"line":49,"column":1}},"loc":{"start":{"line":23,"column":0},"end":{"line":49,"column":1}},"line":23}},"f":{"0":42,"1":42}}
,"D:\\Cursor\\CSCI3100\\CSCI3100-Group2-Project\\frontend\\src\\components\\ListingsGrid.tsx": {"path":"D:\\Cursor\\CSCI3100\\CSCI3100-Group2-Project\\frontend\\src\\components\\ListingsGrid.tsx","all":false,"statementMap":{"0":{"start":{"line":1,"column":0},"end":{"line":1,"column":49}},"8":{"start":{"line":9,"column":0},"end":{"line":9,"column":83}},"9":{"start":{"line":10,"column":0},"end":{"line":10,"column":27}},"10":{"start":{"line":11,"column":0},"end":{"line":11,"column":12}},"11":{"start":{"line":12,"column":0},"end":{"line":12,"column":118}},"13":{"start":{"line":14,"column":0},"end":{"line":14,"column":12}},"15":{"start":{"line":16,"column":0},"end":{"line":16,"column":3}},"17":{"start":{"line":18,"column":0},"end":{"line":18,"column":10}},"18":{"start":{"line":19,"column":0},"end":{"line":19,"column":44}},"19":{"start":{"line":20,"column":0},"end":{"line":20,"column":28}},"20":{"start":{"line":21,"column":0},"end":{"line":21,"column":79}},"21":{"start":{"line":22,"column":0},"end":{"line":22,"column":9}},"22":{"start":{"line":23,"column":0},"end":{"line":23,"column":10}},"24":{"start":{"line":25,"column":0},"end":{"line":25,"column":1}}},"s":{"0":1,"8":20,"9":20,"10":2,"11":2,"13":2,"15":2,"17":18,"18":18,"19":18,"20":35,"21":18,"22":18,"24":18},"branchMap":{"0":{"type":"branch","line":9,"loc":{"start":{"line":9,"column":0},"end":{"line":25,"column":1}},"locations":[{"start":{"line":9,"column":0},"end":{"line":25,"column":1}}]},"1":{"type":"branch","line":10,"loc":{"start":{"line":10,"column":26},"end":{"line":16,"column":3}},"locations":[{"start":{"line":10,"column":26},"end":{"line":16,"column":3}}]},"2":{"type":"branch","line":16,"loc":{"start":{"line":16,"column":2},"end":{"line":25,"column":1}},"locations":[{"start":{"line":16,"column":2},"end":{"line":25,"column":1}}]},"3":{"type":"branch","line":20,"loc":{"start":{"line":20,"column":17},"end":{"line":21,"column":79}},"locations":[{"start":{"line":20,"column":17},"end":{"line":21,"column":79}}]}},"b":{"0":[20],"1":[2],"2":[18],"3":[35]},"fnMap":{"0":{"name":"ListingsGrid","decl":{"start":{"line":9,"column":0},"end":{"line":25,"column":1}},"loc":{"start":{"line":9,"column":0},"end":{"line":25,"column":1}},"line":9}},"f":{"0":20}}
,"D:\\Cursor\\CSCI3100\\CSCI3100-Group2-Project\\frontend\\src\\components\\Navbar.tsx": {"path":"D:\\Cursor\\CSCI3100\\CSCI3100-Group2-Project\\frontend\\src\\components\\Navbar.tsx","all":false,"statementMap":{"0":{"start":{"line":1,"column":0},"end":{"line":1,"column":53}},"8":{"start":{"line":9,"column":0},"end":{"line":9,"column":75}},"9":{"start":{"line":10,"column":0},"end":{"line":10,"column":33}},"11":{"start":{"line":12,"column":0},"end":{"line":12,"column":51}},"12":{"start":{"line":13,"column":0},"end":{"line":13,"column":27}},"13":{"start":{"line":14,"column":0},"end":{"line":14,"column":4}},"15":{"start":{"line":16,"column":0},"end":{"line":16,"column":10}},"16":{"start":{"line":17,"column":0},"end":{"line":17,"column":58}},"17":{"start":{"line":18,"column":0},"end":{"line":18,"column":118}},"18":{"start":{"line":19,"column":0},"end":{"line":19,"column":13}},"19":{"start":{"line":20,"column":0},"end":{"line":20,"column":109}},"21":{"start":{"line":22,"column":0},"end":{"line":22,"column":17}},"22":{"start":{"line":23,"column":0},"end":{"line":23,"column":75}},"23":{"start":{"line":24,"column":0},"end":{"line":24,"column":14}},"24":{"start":{"line":25,"column":0},"end":{"line":25,"column":49}},"25":{"start":{"line":26,"column":0},"end":{"line":26,"column":78}},"27":{"start":{"line":28,"column":0},"end":{"line":28,"column":18}},"28":{"start":{"line":29,"column":0},"end":{"line":29,"column":17}},"29":{"start":{"line":30,"column":0},"end":{"line":30,"column":33}},"30":{"start":{"line":31,"column":0},"end":{"line":31,"column":84}},"31":{"start":{"line":32,"column":0},"end":{"line":32,"column":37}},"32":{"start":{"line":33,"column":0},"end":{"line":33,"column":75}},"34":{"start":{"line":35,"column":0},"end":{"line":35,"column":38}},"36":{"start":{"line":37,"column":0},"end":{"line":37,"column":21}},"37":{"start":{"line":38,"column":0},"end":{"line":38,"column":45}},"38":{"start":{"line":39,"column":0},"end":{"line":39,"column":64}},"39":{"start":{"line":40,"column":0},"end":{"line":40,"column":32}},"40":{"start":{"line":41,"column":0},"end":{"line":41,"column":23}},"41":{"start":{"line":42,"column":0},"end":{"line":42,"column":15}},"42":{"start":{"line":43,"column":0},"end":{"line":43,"column":19}},"43":{"start":{"line":44,"column":0},"end":{"line":44,"column":14}},"44":{"start":{"line":45,"column":0},"end":{"line":45,"column":12}},"45":{"start":{"line":46,"column":0},"end":{"line":46,"column":13}},"47":{"start":{"line":48,"column":0},"end":{"line":48,"column":1}}},"s":{"0":1,"8":8,"9":8,"11":8,"12":0,"13":0,"15":8,"16":8,"17":8,"18":8,"19":8,"21":8,"22":8,"23":8,"24":8,"25":8,"27":8,"28":8,"29":8,"30":8,"31":8,"32":8,"34":8,"36":8,"37":8,"38":16,"39":16,"40":16,"41":8,"42":8,"43":8,"44":8,"45":8,"47":8},"branchMap":{"0":{"type":"branch","line":9,"loc":{"start":{"line":9,"column":0},"end":{"line":48,"column":1}},"locations":[{"start":{"line":9,"column":0},"end":{"line":48,"column":1}}]},"1":{"type":"branch","line":20,"loc":{"start":{"line":20,"column":20},"end":{"line":20,"column":56}},"locations":[{"start":{"line":20,"column":20},"end":{"line":20,"column":56}}]},"2":{"type":"branch","line":20,"loc":{"start":{"line":20,"column":51},"end":{"line":20,"column":61}},"locations":[{"start":{"line":20,"column":51},"end":{"line":20,"column":61}}]},"3":{"type":"branch","line":32,"loc":{"start":{"line":32,"column":19},"end":{"line":32,"column":37}},"locations":[{"start":{"line":32,"column":19},"end":{"line":32,"column":37}}]},"4":{"type":"branch","line":38,"loc":{"start":{"line":38,"column":29},"end":{"line":41,"column":23}},"locations":[{"start":{"line":38,"column":29},"end":{"line":41,"column":23}}]}},"b":{"0":[8],"1":[2],"2":[6],"3":[6],"4":[16]},"fnMap":{"0":{"name":"Navbar","decl":{"start":{"line":9,"column":0},"end":{"line":48,"column":1}},"loc":{"start":{"line":9,"column":0},"end":{"line":48,"column":1}},"line":9},"1":{"name":"handleCommunityChange","decl":{"start":{"line":12,"column":32},"end":{"line":14,"column":4}},"loc":{"start":{"line":12,"column":32},"end":{"line":14,"column":4}},"line":12},"2":{"name":"onChange","decl":{"start":{"line":33,"column":22},"end":{"line":33,"column":75}},"loc":{"start":{"line":33,"column":22},"end":{"line":33,"column":75}},"line":33}},"f":{"0":8,"1":0,"2":0}}
,"D:\\Cursor\\CSCI3100\\CSCI3100-Group2-Project\\frontend\\src\\components\\SearchBar.tsx": {"path":"D:\\Cursor\\CSCI3100\\CSCI3100-Group2-Project\\frontend\\src\\components\\SearchBar.tsx","all":false,"statementMap":{"0":{"start":{"line":1,"column":0},"end":{"line":1,"column":23}},"6":{"start":{"line":7,"column":0},"end":{"line":7,"column":82}},"7":{"start":{"line":8,"column":0},"end":{"line":8,"column":10}},"8":{"start":{"line":9,"column":0},"end":{"line":9,"column":68}},"9":{"start":{"line":10,"column":0},"end":{"line":10,"column":82}},"11":{"start":{"line":12,"column":0},"end":{"line":12,"column":14}},"12":{"start":{"line":13,"column":0},"end":{"line":13,"column":12}},"13":{"start":{"line":14,"column":0},"end":{"line":14,"column":19}},"14":{"start":{"line":15,"column":0},"end":{"line":15,"column":118}},"15":{"start":{"line":16,"column":0},"end":{"line":16,"column":55}},"16":{"start":{"line":17,"column":0},"end":{"line":17,"column":21}},"17":{"start":{"line":18,"column":0},"end":{"line":18,"column":50}},"18":{"start":{"line":19,"column":0},"end":{"line":19,"column":27}},"19":{"start":{"line":20,"column":0},"end":{"line":20,"column":44}},"20":{"start":{"line":21,"column":0},"end":{"line":21,"column":10}},"21":{"start":{"line":22,"column":0},"end":{"line":22,"column":8}},"22":{"start":{"line":23,"column":0},"end":{"line":23,"column":13}},"23":{"start":{"line":24,"column":0},"end":{"line":24,"column":21}},"24":{"start":{"line":25,"column":0},"end":{"line":25,"column":26}},"25":{"start":{"line":26,"column":0},"end":{"line":26,"column":110}},"26":{"start":{"line":27,"column":0},"end":{"line":27,"column":7}},"28":{"start":{"line":29,"column":0},"end":{"line":29,"column":15}},"29":{"start":{"line":30,"column":0},"end":{"line":30,"column":10}},"31":{"start":{"line":32,"column":0},"end":{"line":32,"column":1}}},"s":{"0":1,"6":22,"7":22,"8":22,"9":22,"11":22,"12":22,"13":22,"14":22,"15":22,"16":22,"17":22,"18":22,"19":9,"20":9,"21":22,"22":22,"23":22,"24":22,"25":22,"26":22,"28":22,"29":22,"31":22},"branchMap":{"0":{"type":"branch","line":7,"loc":{"start":{"line":7,"column":0},"end":{"line":32,"column":1}},"locations":[{"start":{"line":7,"column":0},"end":{"line":32,"column":1}}]},"1":{"type":"branch","line":18,"loc":{"start":{"line":18,"column":18},"end":{"line":18,"column":50}},"locations":[{"start":{"line":18,"column":18},"end":{"line":18,"column":50}}]},"2":{"type":"branch","line":19,"loc":{"start":{"line":19,"column":19},"end":{"line":21,"column":10}},"locations":[{"start":{"line":19,"column":19},"end":{"line":21,"column":10}}]},"3":{"type":"branch","line":20,"loc":{"start":{"line":20,"column":33},"end":{"line":20,"column":44}},"locations":[{"start":{"line":20,"column":33},"end":{"line":20,"column":44}}]}},"b":{"0":[22],"1":[8],"2":[9],"3":[1]},"fnMap":{"0":{"name":"SearchBar","decl":{"start":{"line":7,"column":0},"end":{"line":32,"column":1}},"loc":{"start":{"line":7,"column":0},"end":{"line":32,"column":1}},"line":7},"1":{"name":"onChange","decl":{"start":{"line":18,"column":18},"end":{"line":18,"column":50}},"loc":{"start":{"line":18,"column":18},"end":{"line":18,"column":50}},"line":18},"2":{"name":"onKeyDown","decl":{"start":{"line":19,"column":19},"end":{"line":21,"column":10}},"loc":{"start":{"line":19,"column":19},"end":{"line":21,"column":10}},"line":19}},"f":{"0":22,"1":8,"2":9}}
,"D:\\Cursor\\CSCI3100\\CSCI3100-Group2-Project\\frontend\\src\\components\\SortSelect.tsx": {"path":"D:\\Cursor\\CSCI3100\\CSCI3100-Group2-Project\\frontend\\src\\components\\SortSelect.tsx","all":false,"statementMap":{"0":{"start":{"line":1,"column":0},"end":{"line":1,"column":71}},"9":{"start":{"line":10,"column":0},"end":{"line":10,"column":92}},"10":{"start":{"line":11,"column":0},"end":{"line":11,"column":18}},"11":{"start":{"line":12,"column":0},"end":{"line":12,"column":11}},"12":{"start":{"line":13,"column":0},"end":{"line":13,"column":15}},"13":{"start":{"line":14,"column":0},"end":{"line":14,"column":17}},"14":{"start":{"line":15,"column":0},"end":{"line":15,"column":28}},"15":{"start":{"line":16,"column":0},"end":{"line":16,"column":125}},"16":{"start":{"line":17,"column":0},"end":{"line":17,"column":121}},"18":{"start":{"line":19,"column":0},"end":{"line":19,"column":19}},"19":{"start":{"line":20,"column":0},"end":{"line":20,"column":59}},"21":{"start":{"line":22,"column":0},"end":{"line":22,"column":44}},"22":{"start":{"line":23,"column":0},"end":{"line":23,"column":59}},"23":{"start":{"line":24,"column":0},"end":{"line":24,"column":60}},"24":{"start":{"line":25,"column":0},"end":{"line":25,"column":44}},"25":{"start":{"line":26,"column":0},"end":{"line":26,"column":13}},"28":{"start":{"line":29,"column":0},"end":{"line":29,"column":29}},"29":{"start":{"line":30,"column":0},"end":{"line":30,"column":12}},"30":{"start":{"line":31,"column":0},"end":{"line":31,"column":57}},"31":{"start":{"line":32,"column":0},"end":{"line":32,"column":76}},"33":{"start":{"line":34,"column":0},"end":{"line":34,"column":16}},"34":{"start":{"line":35,"column":0},"end":{"line":35,"column":16}},"35":{"start":{"line":36,"column":0},"end":{"line":36,"column":12}},"37":{"start":{"line":38,"column":0},"end":{"line":38,"column":3}},"39":{"start":{"line":40,"column":0},"end":{"line":40,"column":10}},"40":{"start":{"line":41,"column":0},"end":{"line":41,"column":68}},"41":{"start":{"line":42,"column":0},"end":{"line":42,"column":80}},"43":{"start":{"line":44,"column":0},"end":{"line":44,"column":14}},"44":{"start":{"line":45,"column":0},"end":{"line":45,"column":14}},"45":{"start":{"line":46,"column":0},"end":{"line":46,"column":10}},"47":{"start":{"line":48,"column":0},"end":{"line":48,"column":1}}},"s":{"0":1,"9":24,"10":24,"11":24,"12":24,"13":24,"14":24,"15":18,"16":6,"18":24,"19":24,"21":24,"22":24,"23":24,"24":24,"25":24,"28":24,"29":18,"30":18,"31":18,"33":18,"34":18,"35":18,"37":18,"39":6,"40":6,"41":6,"43":6,"44":6,"45":6,"47":6},"branchMap":{"0":{"type":"branch","line":10,"loc":{"start":{"line":10,"column":0},"end":{"line":48,"column":1}},"locations":[{"start":{"line":10,"column":0},"end":{"line":48,"column":1}}]},"1":{"type":"branch","line":15,"loc":{"start":{"line":15,"column":20},"end":{"line":16,"column":125}},"locations":[{"start":{"line":15,"column":20},"end":{"line":16,"column":125}}]},"2":{"type":"branch","line":16,"loc":{"start":{"line":16,"column":12},"end":{"line":17,"column":121}},"locations":[{"start":{"line":16,"column":12},"end":{"line":17,"column":121}}]},"3":{"type":"branch","line":29,"loc":{"start":{"line":29,"column":28},"end":{"line":38,"column":3}},"locations":[{"start":{"line":29,"column":28},"end":{"line":38,"column":3}}]},"4":{"type":"branch","line":38,"loc":{"start":{"line":38,"column":2},"end":{"line":48,"column":1}},"locations":[{"start":{"line":38,"column":2},"end":{"line":48,"column":1}}]},"5":{"type":"branch","line":20,"loc":{"start":{"line":20,"column":16},"end":{"line":20,"column":59}},"locations":[{"start":{"line":20,"column":16},"end":{"line":20,"column":59}}]}},"b":{"0":[24],"1":[18],"2":[6],"3":[18],"4":[6],"5":[5]},"fnMap":{"0":{"name":"SortSelect","decl":{"start":{"line":10,"column":0},"end":{"line":48,"column":1}},"loc":{"start":{"line":10,"column":0},"end":{"line":48,"column":1}},"line":10},"1":{"name":"onChange","decl":{"start":{"line":20,"column":16},"end":{"line":20,"column":59}},"loc":{"start":{"line":20,"column":16},"end":{"line":20,"column":59}},"line":20}},"f":{"0":24,"1":5}}
,"D:\\Cursor\\CSCI3100\\CSCI3100-Group2-Project\\frontend\\src\\components\\StatusWorkflow.tsx": {"path":"D:\\Cursor\\CSCI3100\\CSCI3100-Group2-Project\\frontend\\src\\components\\StatusWorkflow.tsx","all":false,"statementMap":{"0":{"start":{"line":1,"column":0},"end":{"line":1,"column":55}},"7":{"start":{"line":8,"column":0},"end":{"line":8,"column":62}},"9":{"start":{"line":10,"column":0},"end":{"line":10,"column":59}},"10":{"start":{"line":11,"column":0},"end":{"line":11,"column":37}},"11":{"start":{"line":12,"column":0},"end":{"line":12,"column":38}},"12":{"start":{"line":13,"column":0},"end":{"line":13,"column":35}},"13":{"start":{"line":14,"column":0},"end":{"line":14,"column":40}},"14":{"start":{"line":15,"column":0},"end":{"line":15,"column":16}},"15":{"start":{"line":16,"column":0},"end":{"line":16,"column":1}},"17":{"start":{"line":18,"column":0},"end":{"line":18,"column":73}},"18":{"start":{"line":19,"column":0},"end":{"line":19,"column":10}},"19":{"start":{"line":20,"column":0},"end":{"line":20,"column":9}},"20":{"start":{"line":21,"column":0},"end":{"line":21,"column":65}},"21":{"start":{"line":22,"column":0},"end":{"line":22,"column":52}},"22":{"start":{"line":23,"column":0},"end":{"line":23,"column":30}},"23":{"start":{"line":24,"column":0},"end":{"line":24,"column":45}},"24":{"start":{"line":25,"column":0},"end":{"line":25,"column":27}},"25":{"start":{"line":26,"column":0},"end":{"line":26,"column":28}},"26":{"start":{"line":27,"column":0},"end":{"line":27,"column":67}},"27":{"start":{"line":28,"column":0},"end":{"line":28,"column":35}},"28":{"start":{"line":29,"column":0},"end":{"line":29,"column":58}},"29":{"start":{"line":30,"column":0},"end":{"line":30,"column":59}},"30":{"start":{"line":31,"column":0},"end":{"line":31,"column":107}},"31":{"start":{"line":32,"column":0},"end":{"line":32,"column":18}},"32":{"start":{"line":33,"column":0},"end":{"line":33,"column":61}},"33":{"start":{"line":34,"column":0},"end":{"line":34,"column":97}},"34":{"start":{"line":35,"column":0},"end":{"line":35,"column":30}},"35":{"start":{"line":36,"column":0},"end":{"line":36,"column":21}},"36":{"start":{"line":37,"column":0},"end":{"line":37,"column":89}},"37":{"start":{"line":38,"column":0},"end":{"line":38,"column":18}},"39":{"start":{"line":40,"column":0},"end":{"line":40,"column":11}},"40":{"start":{"line":41,"column":0},"end":{"line":41,"column":12}},"41":{"start":{"line":42,"column":0},"end":{"line":42,"column":10}},"43":{"start":{"line":44,"column":0},"end":{"line":44,"column":1}}},"s":{"0":1,"7":1,"9":63,"10":63,"11":63,"12":63,"13":63,"14":33,"15":33,"17":21,"18":21,"19":21,"20":21,"21":21,"22":21,"23":63,"24":63,"25":63,"26":9,"27":54,"28":21,"29":33,"30":63,"31":63,"32":63,"33":63,"34":63,"35":63,"36":63,"37":63,"39":21,"40":21,"41":21,"43":21},"branchMap":{"0":{"type":"branch","line":10,"loc":{"start":{"line":10,"column":0},"end":{"line":16,"column":1}},"locations":[{"start":{"line":10,"column":0},"end":{"line":16,"column":1}}]},"1":{"type":"branch","line":13,"loc":{"start":{"line":13,"column":21},"end":{"line":13,"column":35}},"locations":[{"start":{"line":13,"column":21},"end":{"line":13,"column":35}}]},"2":{"type":"branch","line":13,"loc":{"start":{"line":13,"column":28},"end":{"line":14,"column":30}},"locations":[{"start":{"line":13,"column":28},"end":{"line":14,"column":30}}]},"3":{"type":"branch","line":14,"loc":{"start":{"line":14,"column":23},"end":{"line":14,"column":40}},"locations":[{"start":{"line":14,"column":23},"end":{"line":14,"column":40}}]},"4":{"type":"branch","line":14,"loc":{"start":{"line":14,"column":30},"end":{"line":16,"column":1}},"locations":[{"start":{"line":14,"column":30},"end":{"line":16,"column":1}}]},"5":{"type":"branch","line":18,"loc":{"start":{"line":18,"column":0},"end":{"line":44,"column":1}},"locations":[{"start":{"line":18,"column":0},"end":{"line":44,"column":1}}]},"6":{"type":"branch","line":23,"loc":{"start":{"line":23,"column":19},"end":{"line":40,"column":9}},"locations":[{"start":{"line":23,"column":19},"end":{"line":40,"column":9}}]},"7":{"type":"branch","line":26,"loc":{"start":{"line":26,"column":22},"end":{"line":27,"column":67}},"locations":[{"start":{"line":26,"column":22},"end":{"line":27,"column":67}}]},"8":{"type":"branch","line":27,"loc":{"start":{"line":27,"column":16},"end":{"line":30,"column":59}},"locations":[{"start":{"line":27,"column":16},"end":{"line":30,"column":59}}]},"9":{"type":"branch","line":28,"loc":{"start":{"line":28,"column":26},"end":{"line":29,"column":58}},"locations":[{"start":{"line":28,"column":26},"end":{"line":29,"column":58}}]},"10":{"type":"branch","line":29,"loc":{"start":{"line":29,"column":18},"end":{"line":30,"column":59}},"locations":[{"start":{"line":29,"column":18},"end":{"line":30,"column":59}}]},"11":{"type":"branch","line":31,"loc":{"start":{"line":31,"column":49},"end":{"line":31,"column":58}},"locations":[{"start":{"line":31,"column":49},"end":{"line":31,"column":58}}]},"12":{"type":"branch","line":31,"loc":{"start":{"line":31,"column":53},"end":{"line":31,"column":107}},"locations":[{"start":{"line":31,"column":53},"end":{"line":31,"column":107}}]},"13":{"type":"branch","line":31,"loc":{"start":{"line":31,"column":68},"end":{"line":31,"column":93}},"locations":[{"start":{"line":31,"column":68},"end":{"line":31,"column":93}}]},"14":{"type":"branch","line":31,"loc":{"start":{"line":31,"column":77},"end":{"line":31,"column":107}},"locations":[{"start":{"line":31,"column":77},"end":{"line":31,"column":107}}]},"15":{"type":"branch","line":37,"loc":{"start":{"line":37,"column":36},"end":{"line":37,"column":89}},"locations":[{"start":{"line":37,"column":36},"end":{"line":37,"column":89}}]}},"b":{"0":[63],"1":[9],"2":[54],"3":[21],"4":[33],"5":[21],"6":[63],"7":[9],"8":[54],"9":[21],"10":[33],"11":[21],"12":[42],"13":[15],"14":[27],"15":[42]},"fnMap":{"0":{"name":"stepState","decl":{"start":{"line":10,"column":0},"end":{"line":16,"column":1}},"loc":{"start":{"line":10,"column":0},"end":{"line":16,"column":1}},"line":10},"1":{"name":"StatusWorkflow","decl":{"start":{"line":18,"column":0},"end":{"line":44,"column":1}},"loc":{"start":{"line":18,"column":0},"end":{"line":44,"column":1}},"line":18}},"f":{"0":63,"1":21}}
,"D:\\Cursor\\CSCI3100\\CSCI3100-Group2-Project\\frontend\\src\\pages\\HomePage.tsx": {"path":"D:\\Cursor\\CSCI3100\\CSCI3100-Group2-Project\\frontend\\src\\pages\\HomePage.tsx","all":false,"statementMap":{"0":{"start":{"line":1,"column":0},"end":{"line":1,"column":53}},"11":{"start":{"line":12,"column":0},"end":{"line":12,"column":36}},"12":{"start":{"line":13,"column":0},"end":{"line":13,"column":41}},"13":{"start":{"line":14,"column":0},"end":{"line":14,"column":49}},"14":{"start":{"line":15,"column":0},"end":{"line":15,"column":69}},"15":{"start":{"line":16,"column":0},"end":{"line":16,"column":73}},"16":{"start":{"line":17,"column":0},"end":{"line":17,"column":60}},"17":{"start":{"line":18,"column":0},"end":{"line":18,"column":53}},"18":{"start":{"line":19,"column":0},"end":{"line":19,"column":81}},"19":{"start":{"line":20,"column":0},"end":{"line":20,"column":51}},"20":{"start":{"line":21,"column":0},"end":{"line":21,"column":58}},"22":{"start":{"line":23,"column":0},"end":{"line":23,"column":78}},"24":{"start":{"line":25,"column":0},"end":{"line":25,"column":39}},"25":{"start":{"line":26,"column":0},"end":{"line":26,"column":39}},"26":{"start":{"line":27,"column":0},"end":{"line":27,"column":23}},"27":{"start":{"line":28,"column":0},"end":{"line":28,"column":22}},"28":{"start":{"line":29,"column":0},"end":{"line":29,"column":44}},"29":{"start":{"line":30,"column":0},"end":{"line":30,"column":7}},"30":{"start":{"line":31,"column":0},"end":{"line":31,"column":4}},"32":{"start":{"line":33,"column":0},"end":{"line":33,"column":26}},"33":{"start":{"line":34,"column":0},"end":{"line":34,"column":23}},"34":{"start":{"line":35,"column":0},"end":{"line":35,"column":24}},"35":{"start":{"line":36,"column":0},"end":{"line":36,"column":26}},"36":{"start":{"line":37,"column":0},"end":{"line":37,"column":4}},"38":{"start":{"line":39,"column":0},"end":{"line":39,"column":19}},"39":{"start":{"line":40,"column":0},"end":{"line":40,"column":31}},"41":{"start":{"line":42,"column":0},"end":{"line":42,"column":31}},"42":{"start":{"line":43,"column":0},"end":{"line":43,"column":11}},"43":{"start":{"line":44,"column":0},"end":{"line":44,"column":23}},"44":{"start":{"line":45,"column":0},"end":{"line":45,"column":62}},"45":{"start":{"line":46,"column":0},"end":{"line":46,"column":34}},"46":{"start":{"line":47,"column":0},"end":{"line":47,"column":21}},"47":{"start":{"line":48,"column":0},"end":{"line":48,"column":87}},"48":{"start":{"line":49,"column":0},"end":{"line":49,"column":7}},"49":{"start":{"line":50,"column":0},"end":{"line":50,"column":5}},"51":{"start":{"line":52,"column":0},"end":{"line":52,"column":20}},"52":{"start":{"line":53,"column":0},"end":{"line":53,"column":22}},"54":{"start":{"line":55,"column":0},"end":{"line":55,"column":19}},"55":{"start":{"line":56,"column":0},"end":{"line":56,"column":31}},"57":{"start":{"line":58,"column":0},"end":{"line":58,"column":35}},"58":{"start":{"line":59,"column":0},"end":{"line":59,"column":11}},"59":{"start":{"line":60,"column":0},"end":{"line":60,"column":27}},"60":{"start":{"line":61,"column":0},"end":{"line":61,"column":23}},"62":{"start":{"line":63,"column":0},"end":{"line":63,"column":77}},"63":{"start":{"line":64,"column":0},"end":{"line":64,"column":36}},"64":{"start":{"line":65,"column":0},"end":{"line":65,"column":21}},"65":{"start":{"line":66,"column":0},"end":{"line":66,"column":81}},"66":{"start":{"line":67,"column":0},"end":{"line":67,"column":17}},"67":{"start":{"line":68,"column":0},"end":{"line":68,"column":28}},"68":{"start":{"line":69,"column":0},"end":{"line":69,"column":7}},"69":{"start":{"line":70,"column":0},"end":{"line":70,"column":5}},"71":{"start":{"line":72,"column":0},"end":{"line":72,"column":24}},"72":{"start":{"line":73,"column":0},"end":{"line":73,"column":38}},"74":{"start":{"line":75,"column":0},"end":{"line":75,"column":38}},"75":{"start":{"line":76,"column":0},"end":{"line":76,"column":34}},"76":{"start":{"line":77,"column":0},"end":{"line":77,"column":40}},"77":{"start":{"line":78,"column":0},"end":{"line":78,"column":79}},"78":{"start":{"line":79,"column":0},"end":{"line":79,"column":20}},"79":{"start":{"line":80,"column":0},"end":{"line":80,"column":145}},"80":{"start":{"line":81,"column":0},"end":{"line":81,"column":8}},"81":{"start":{"line":82,"column":0},"end":{"line":82,"column":5}},"82":{"start":{"line":83,"column":0},"end":{"line":83,"column":20}},"83":{"start":{"line":84,"column":0},"end":{"line":84,"column":47}},"85":{"start":{"line":86,"column":0},"end":{"line":86,"column":37}},"86":{"start":{"line":87,"column":0},"end":{"line":87,"column":28}},"87":{"start":{"line":88,"column":0},"end":{"line":88,"column":84}},"88":{"start":{"line":89,"column":0},"end":{"line":89,"column":85}},"89":{"start":{"line":90,"column":0},"end":{"line":90,"column":31}},"90":{"start":{"line":91,"column":0},"end":{"line":91,"column":90}},"91":{"start":{"line":92,"column":0},"end":{"line":92,"column":59}},"92":{"start":{"line":93,"column":0},"end":{"line":93,"column":5}},"93":{"start":{"line":94,"column":0},"end":{"line":94,"column":16}},"94":{"start":{"line":95,"column":0},"end":{"line":95,"column":23}},"96":{"start":{"line":97,"column":0},"end":{"line":97,"column":23}},"97":{"start":{"line":98,"column":0},"end":{"line":98,"column":71}},"98":{"start":{"line":99,"column":0},"end":{"line":99,"column":3}},"100":{"start":{"line":101,"column":0},"end":{"line":101,"column":18}},"101":{"start":{"line":102,"column":0},"end":{"line":102,"column":70}},"102":{"start":{"line":103,"column":0},"end":{"line":103,"column":3}},"104":{"start":{"line":105,"column":0},"end":{"line":105,"column":14}},"105":{"start":{"line":106,"column":0},"end":{"line":106,"column":51}},"106":{"start":{"line":107,"column":0},"end":{"line":107,"column":3}},"108":{"start":{"line":109,"column":0},"end":{"line":109,"column":10}},"109":{"start":{"line":110,"column":0},"end":{"line":110,"column":31}},"110":{"start":{"line":111,"column":0},"end":{"line":111,"column":74}},"111":{"start":{"line":112,"column":0},"end":{"line":112,"column":91}},"112":{"start":{"line":113,"column":0},"end":{"line":113,"column":27}},"113":{"start":{"line":114,"column":0},"end":{"line":114,"column":52}},"114":{"start":{"line":115,"column":0},"end":{"line":115,"column":109}},"115":{"start":{"line":116,"column":0},"end":{"line":116,"column":47}},"116":{"start":{"line":117,"column":0},"end":{"line":117,"column":95}},"117":{"start":{"line":118,"column":0},"end":{"line":118,"column":14}},"119":{"start":{"line":120,"column":0},"end":{"line":120,"column":16}},"121":{"start":{"line":122,"column":0},"end":{"line":122,"column":50}},"122":{"start":{"line":123,"column":0},"end":{"line":123,"column":35}},"123":{"start":{"line":124,"column":0},"end":{"line":124,"column":105}},"124":{"start":{"line":125,"column":0},"end":{"line":125,"column":45}},"125":{"start":{"line":126,"column":0},"end":{"line":126,"column":36}},"126":{"start":{"line":127,"column":0},"end":{"line":127,"column":13}},"127":{"start":{"line":128,"column":0},"end":{"line":128,"column":14}},"130":{"start":{"line":131,"column":0},"end":{"line":131,"column":61}},"131":{"start":{"line":132,"column":0},"end":{"line":132,"column":49}},"132":{"start":{"line":133,"column":0},"end":{"line":133,"column":102}},"133":{"start":{"line":134,"column":0},"end":{"line":134,"column":22}},"134":{"start":{"line":135,"column":0},"end":{"line":135,"column":32}},"135":{"start":{"line":136,"column":0},"end":{"line":136,"column":41}},"136":{"start":{"line":137,"column":0},"end":{"line":137,"column":38}},"137":{"start":{"line":138,"column":0},"end":{"line":138,"column":43}},"138":{"start":{"line":139,"column":0},"end":{"line":139,"column":30}},"139":{"start":{"line":140,"column":0},"end":{"line":140,"column":12}},"140":{"start":{"line":141,"column":0},"end":{"line":141,"column":14}},"142":{"start":{"line":143,"column":0},"end":{"line":143,"column":39}},"143":{"start":{"line":144,"column":0},"end":{"line":144,"column":99}},"144":{"start":{"line":145,"column":0},"end":{"line":145,"column":100}},"145":{"start":{"line":146,"column":0},"end":{"line":146,"column":74}},"146":{"start":{"line":147,"column":0},"end":{"line":147,"column":83}},"147":{"start":{"line":148,"column":0},"end":{"line":148,"column":18}},"148":{"start":{"line":149,"column":0},"end":{"line":149,"column":16}},"149":{"start":{"line":150,"column":0},"end":{"line":150,"column":76}},"150":{"start":{"line":151,"column":0},"end":{"line":151,"column":14}},"151":{"start":{"line":152,"column":0},"end":{"line":152,"column":12}},"152":{"start":{"line":153,"column":0},"end":{"line":153,"column":10}},"154":{"start":{"line":155,"column":0},"end":{"line":155,"column":1}}},"s":{"0":1,"11":27,"12":27,"13":27,"14":27,"15":27,"16":27,"17":27,"18":27,"19":27,"20":27,"22":27,"24":27,"25":1,"26":1,"27":1,"28":1,"29":1,"30":1,"32":27,"33":1,"34":1,"35":1,"36":1,"38":27,"39":7,"41":7,"42":7,"43":7,"44":7,"45":6,"46":7,"47":1,"48":1,"49":7,"51":7,"52":27,"54":27,"55":9,"57":9,"58":9,"59":9,"60":9,"62":9,"63":8,"64":9,"65":1,"66":9,"67":9,"68":9,"69":9,"71":9,"72":27,"74":27,"75":14,"76":14,"77":14,"78":0,"79":0,"80":0,"81":0,"82":7,"83":27,"85":27,"86":14,"87":14,"88":14,"89":14,"90":0,"91":0,"92":0,"93":14,"94":27,"96":27,"97":0,"98":0,"100":27,"101":9,"102":9,"104":27,"105":1,"106":1,"108":17,"109":17,"110":17,"111":17,"112":17,"113":17,"114":17,"115":17,"116":17,"117":17,"119":27,"121":27,"122":27,"123":0,"124":0,"125":0,"126":0,"127":0,"130":27,"131":27,"132":27,"133":27,"134":27,"135":27,"136":27,"137":27,"138":27,"139":27,"140":27,"142":27,"143":27,"144":27,"145":27,"146":27,"147":27,"148":27,"149":27,"150":27,"151":27,"152":27,"154":27},"branchMap":{"0":{"type":"branch","line":12,"loc":{"start":{"line":12,"column":0},"end":{"line":155,"column":1}},"locations":[{"start":{"line":12,"column":0},"end":{"line":155,"column":1}}]},"1":{"type":"branch","line":97,"loc":{"start":{"line":97,"column":22},"end":{"line":99,"column":3}},"locations":[{"start":{"line":97,"column":22},"end":{"line":99,"column":3}}]},"2":{"type":"branch","line":101,"loc":{"start":{"line":101,"column":17},"end":{"line":103,"column":3}},"locations":[{"start":{"line":101,"column":17},"end":{"line":103,"column":3}}]},"3":{"type":"branch","line":103,"loc":{"start":{"line":103,"column":2},"end":{"line":105,"column":13}},"locations":[{"start":{"line":103,"column":2},"end":{"line":105,"column":13}}]},"4":{"type":"branch","line":105,"loc":{"start":{"line":105,"column":13},"end":{"line":107,"column":3}},"locations":[{"start":{"line":105,"column":13},"end":{"line":107,"column":3}}]},"5":{"type":"branch","line":107,"loc":{"start":{"line":107,"column":2},"end":{"line":118,"column":14}},"locations":[{"start":{"line":107,"column":2},"end":{"line":118,"column":14}}]},"6":{"type":"branch","line":115,"loc":{"start":{"line":115,"column":52},"end":{"line":115,"column":91}},"locations":[{"start":{"line":115,"column":52},"end":{"line":115,"column":91}}]},"7":{"type":"branch","line":117,"loc":{"start":{"line":117,"column":87},"end":{"line":117,"column":95}},"locations":[{"start":{"line":117,"column":87},"end":{"line":117,"column":95}}]},"8":{"type":"branch","line":123,"loc":{"start":{"line":123,"column":29},"end":{"line":128,"column":14}},"locations":[{"start":{"line":123,"column":29},"end":{"line":128,"column":14}}]},"9":{"type":"branch","line":23,"loc":{"start":{"line":23,"column":32},"end":{"line":23,"column":60}},"locations":[{"start":{"line":23,"column":32},"end":{"line":23,"column":60}}]},"10":{"type":"branch","line":23,"loc":{"start":{"line":23,"column":38},"end":{"line":23,"column":60}},"locations":[{"start":{"line":23,"column":38},"end":{"line":23,"column":60}}]},"11":{"type":"branch","line":25,"loc":{"start":{"line":25,"column":32},"end":{"line":31,"column":4}},"locations":[{"start":{"line":25,"column":32},"end":{"line":31,"column":4}}]},"12":{"type":"branch","line":29,"loc":{"start":{"line":29,"column":14},"end":{"line":29,"column":34}},"locations":[{"start":{"line":29,"column":14},"end":{"line":29,"column":34}}]},"13":{"type":"branch","line":33,"loc":{"start":{"line":33,"column":19},"end":{"line":37,"column":4}},"locations":[{"start":{"line":33,"column":19},"end":{"line":37,"column":4}}]},"14":{"type":"branch","line":39,"loc":{"start":{"line":39,"column":12},"end":{"line":53,"column":5}},"locations":[{"start":{"line":39,"column":12},"end":{"line":53,"column":5}}]},"15":{"type":"branch","line":40,"loc":{"start":{"line":40,"column":24},"end":{"line":40,"column":31}},"locations":[{"start":{"line":40,"column":24},"end":{"line":40,"column":31}}]},"16":{"type":"branch","line":42,"loc":{"start":{"line":42,"column":4},"end":{"line":50,"column":5}},"locations":[{"start":{"line":42,"column":4},"end":{"line":50,"column":5}}]},"17":{"type":"branch","line":45,"loc":{"start":{"line":45,"column":60},"end":{"line":47,"column":15}},"locations":[{"start":{"line":45,"column":60},"end":{"line":47,"column":15}}]},"18":{"type":"branch","line":47,"loc":{"start":{"line":47,"column":6},"end":{"line":49,"column":7}},"locations":[{"start":{"line":47,"column":6},"end":{"line":49,"column":7}}]},"19":{"type":"branch","line":48,"loc":{"start":{"line":48,"column":44},"end":{"line":48,"column":85}},"locations":[{"start":{"line":48,"column":44},"end":{"line":48,"column":85}}]},"20":{"type":"branch","line":55,"loc":{"start":{"line":55,"column":12},"end":{"line":73,"column":5}},"locations":[{"start":{"line":55,"column":12},"end":{"line":73,"column":5}}]},"21":{"type":"branch","line":56,"loc":{"start":{"line":56,"column":24},"end":{"line":56,"column":31}},"locations":[{"start":{"line":56,"column":24},"end":{"line":56,"column":31}}]},"22":{"type":"branch","line":58,"loc":{"start":{"line":58,"column":4},"end":{"line":70,"column":5}},"locations":[{"start":{"line":58,"column":4},"end":{"line":70,"column":5}}]},"23":{"type":"branch","line":63,"loc":{"start":{"line":63,"column":75},"end":{"line":65,"column":15}},"locations":[{"start":{"line":63,"column":75},"end":{"line":65,"column":15}}]},"24":{"type":"branch","line":65,"loc":{"start":{"line":65,"column":6},"end":{"line":67,"column":8}},"locations":[{"start":{"line":65,"column":6},"end":{"line":67,"column":8}}]},"25":{"type":"branch","line":66,"loc":{"start":{"line":66,"column":44},"end":{"line":66,"column":79}},"locations":[{"start":{"line":66,"column":44},"end":{"line":66,"column":79}}]},"26":{"type":"branch","line":75,"loc":{"start":{"line":75,"column":31},"end":{"line":84,"column":5}},"locations":[{"start":{"line":75,"column":31},"end":{"line":84,"column":5}}]},"27":{"type":"branch","line":77,"loc":{"start":{"line":77,"column":24},"end":{"line":78,"column":78}},"locations":[{"start":{"line":77,"column":24},"end":{"line":78,"column":78}}]},"28":{"type":"branch","line":78,"loc":{"start":{"line":78,"column":78},"end":{"line":82,"column":5}},"locations":[{"start":{"line":78,"column":78},"end":{"line":82,"column":5}}]},"29":{"type":"branch","line":82,"loc":{"start":{"line":82,"column":4},"end":{"line":83,"column":20}},"locations":[{"start":{"line":82,"column":4},"end":{"line":83,"column":20}}]},"30":{"type":"branch","line":86,"loc":{"start":{"line":86,"column":30},"end":{"line":95,"column":5}},"locations":[{"start":{"line":86,"column":30},"end":{"line":95,"column":5}}]},"31":{"type":"branch","line":88,"loc":{"start":{"line":88,"column":33},"end":{"line":88,"column":84}},"locations":[{"start":{"line":88,"column":33},"end":{"line":88,"column":84}}]},"32":{"type":"branch","line":89,"loc":{"start":{"line":89,"column":34},"end":{"line":89,"column":85}},"locations":[{"start":{"line":89,"column":34},"end":{"line":89,"column":85}}]},"33":{"type":"branch","line":90,"loc":{"start":{"line":90,"column":30},"end":{"line":93,"column":5}},"locations":[{"start":{"line":90,"column":30},"end":{"line":93,"column":5}}]},"34":{"type":"branch","line":88,"loc":{"start":{"line":88,"column":43},"end":{"line":88,"column":82}},"locations":[{"start":{"line":88,"column":43},"end":{"line":88,"column":82}}]}},"b":{"0":[27],"1":[0],"2":[9],"3":[18],"4":[1],"5":[17],"6":[0],"7":[0],"8":[0],"9":[7],"10":[0],"11":[1],"12":[0],"13":[1],"14":[7],"15":[0],"16":[7],"17":[6],"18":[1],"19":[0],"20":[9],"21":[0],"22":[9],"23":[8],"24":[1],"25":[0],"26":[14],"27":[7],"28":[0],"29":[7],"30":[14],"31":[1],"32":[0],"33":[0],"34":[1]},"fnMap":{"0":{"name":"HomePage","decl":{"start":{"line":12,"column":0},"end":{"line":155,"column":1}},"loc":{"start":{"line":12,"column":0},"end":{"line":155,"column":1}},"line":12},"1":{"name":"applySearchAndFilters","decl":{"start":{"line":25,"column":32},"end":{"line":31,"column":4}},"loc":{"start":{"line":25,"column":32},"end":{"line":31,"column":4}},"line":25},"2":{"name":"resetAll","decl":{"start":{"line":33,"column":19},"end":{"line":37,"column":4}},"loc":{"start":{"line":33,"column":19},"end":{"line":37,"column":4}},"line":33},"3":{"name":"loadRule","decl":{"start":{"line":42,"column":4},"end":{"line":50,"column":5}},"loc":{"start":{"line":42,"column":4},"end":{"line":50,"column":5}},"line":42},"4":{"name":"loadListings","decl":{"start":{"line":58,"column":4},"end":{"line":70,"column":5}},"loc":{"start":{"line":58,"column":4},"end":{"line":70,"column":5}},"line":58}},"f":{"0":27,"1":1,"2":1,"3":7,"4":9}}
,"D:\\Cursor\\CSCI3100\\CSCI3100-Group2-Project\\frontend\\src\\pages\\ItemDetailPage.tsx": {"path":"D:\\Cursor\\CSCI3100\\CSCI3100-Group2-Project\\frontend\\src\\pages\\ItemDetailPage.tsx","all":false,"statementMap":{"0":{"start":{"line":1,"column":0},"end":{"line":1,"column":53}},"9":{"start":{"line":10,"column":0},"end":{"line":10,"column":42}},"10":{"start":{"line":11,"column":0},"end":{"line":11,"column":49}},"11":{"start":{"line":12,"column":0},"end":{"line":12,"column":54}},"12":{"start":{"line":13,"column":0},"end":{"line":13,"column":51}},"13":{"start":{"line":14,"column":0},"end":{"line":14,"column":58}},"14":{"start":{"line":15,"column":0},"end":{"line":15,"column":64}},"15":{"start":{"line":16,"column":0},"end":{"line":16,"column":70}},"16":{"start":{"line":17,"column":0},"end":{"line":17,"column":81}},"18":{"start":{"line":19,"column":0},"end":{"line":19,"column":81}},"20":{"start":{"line":21,"column":0},"end":{"line":21,"column":19}},"21":{"start":{"line":22,"column":0},"end":{"line":22,"column":32}},"22":{"start":{"line":23,"column":0},"end":{"line":23,"column":48}},"23":{"start":{"line":24,"column":0},"end":{"line":24,"column":31}},"24":{"start":{"line":25,"column":0},"end":{"line":25,"column":11}},"25":{"start":{"line":26,"column":0},"end":{"line":26,"column":58}},"26":{"start":{"line":27,"column":0},"end":{"line":27,"column":31}},"27":{"start":{"line":28,"column":0},"end":{"line":28,"column":15}},"28":{"start":{"line":29,"column":0},"end":{"line":29,"column":31}},"29":{"start":{"line":30,"column":0},"end":{"line":30,"column":7}},"30":{"start":{"line":31,"column":0},"end":{"line":31,"column":5}},"31":{"start":{"line":32,"column":0},"end":{"line":32,"column":20}},"32":{"start":{"line":33,"column":0},"end":{"line":33,"column":23}},"34":{"start":{"line":35,"column":0},"end":{"line":35,"column":19}},"35":{"start":{"line":36,"column":0},"end":{"line":36,"column":24}},"37":{"start":{"line":38,"column":0},"end":{"line":38,"column":31}},"38":{"start":{"line":39,"column":0},"end":{"line":39,"column":11}},"39":{"start":{"line":40,"column":0},"end":{"line":40,"column":27}},"40":{"start":{"line":41,"column":0},"end":{"line":41,"column":23}},"41":{"start":{"line":42,"column":0},"end":{"line":42,"column":55}},"42":{"start":{"line":43,"column":0},"end":{"line":43,"column":21}},"43":{"start":{"line":44,"column":0},"end":{"line":44,"column":21}},"44":{"start":{"line":45,"column":0},"end":{"line":45,"column":84}},"45":{"start":{"line":46,"column":0},"end":{"line":46,"column":17}},"46":{"start":{"line":47,"column":0},"end":{"line":47,"column":28}},"47":{"start":{"line":48,"column":0},"end":{"line":48,"column":7}},"48":{"start":{"line":49,"column":0},"end":{"line":49,"column":5}},"50":{"start":{"line":51,"column":0},"end":{"line":51,"column":20}},"51":{"start":{"line":52,"column":0},"end":{"line":52,"column":30}},"53":{"start":{"line":54,"column":0},"end":{"line":54,"column":80}},"54":{"start":{"line":55,"column":0},"end":{"line":55,"column":60}},"55":{"start":{"line":56,"column":0},"end":{"line":56,"column":69}},"57":{"start":{"line":58,"column":0},"end":{"line":58,"column":76}},"58":{"start":{"line":59,"column":0},"end":{"line":59,"column":81}},"59":{"start":{"line":60,"column":0},"end":{"line":60,"column":60}},"61":{"start":{"line":62,"column":0},"end":{"line":62,"column":71}},"62":{"start":{"line":63,"column":0},"end":{"line":63,"column":62}},"64":{"start":{"line":65,"column":0},"end":{"line":65,"column":37}},"65":{"start":{"line":66,"column":0},"end":{"line":66,"column":28}},"66":{"start":{"line":67,"column":0},"end":{"line":67,"column":9}},"67":{"start":{"line":68,"column":0},"end":{"line":68,"column":31}},"68":{"start":{"line":69,"column":0},"end":{"line":69,"column":27}},"69":{"start":{"line":70,"column":0},"end":{"line":70,"column":49}},"70":{"start":{"line":71,"column":0},"end":{"line":71,"column":23}},"71":{"start":{"line":72,"column":0},"end":{"line":72,"column":19}},"72":{"start":{"line":73,"column":0},"end":{"line":73,"column":84}},"73":{"start":{"line":74,"column":0},"end":{"line":74,"column":15}},"74":{"start":{"line":75,"column":0},"end":{"line":75,"column":32}},"75":{"start":{"line":76,"column":0},"end":{"line":76,"column":5}},"76":{"start":{"line":77,"column":0},"end":{"line":77,"column":4}},"78":{"start":{"line":79,"column":0},"end":{"line":79,"column":33}},"79":{"start":{"line":80,"column":0},"end":{"line":80,"column":24}},"80":{"start":{"line":81,"column":0},"end":{"line":81,"column":9}},"81":{"start":{"line":82,"column":0},"end":{"line":82,"column":31}},"82":{"start":{"line":83,"column":0},"end":{"line":83,"column":27}},"83":{"start":{"line":84,"column":0},"end":{"line":84,"column":45}},"84":{"start":{"line":85,"column":0},"end":{"line":85,"column":23}},"85":{"start":{"line":86,"column":0},"end":{"line":86,"column":19}},"86":{"start":{"line":87,"column":0},"end":{"line":87,"column":80}},"87":{"start":{"line":88,"column":0},"end":{"line":88,"column":15}},"88":{"start":{"line":89,"column":0},"end":{"line":89,"column":32}},"89":{"start":{"line":90,"column":0},"end":{"line":90,"column":5}},"90":{"start":{"line":91,"column":0},"end":{"line":91,"column":4}},"92":{"start":{"line":93,"column":0},"end":{"line":93,"column":10}},"93":{"start":{"line":94,"column":0},"end":{"line":94,"column":72}},"94":{"start":{"line":95,"column":0},"end":{"line":95,"column":50}},"95":{"start":{"line":96,"column":0},"end":{"line":96,"column":85}},"96":{"start":{"line":97,"column":0},"end":{"line":97,"column":102}},"97":{"start":{"line":98,"column":0},"end":{"line":98,"column":122}},"99":{"start":{"line":100,"column":0},"end":{"line":100,"column":12}},"101":{"start":{"line":102,"column":0},"end":{"line":102,"column":91}},"102":{"start":{"line":103,"column":0},"end":{"line":103,"column":102}},"103":{"start":{"line":104,"column":0},"end":{"line":104,"column":109}},"104":{"start":{"line":105,"column":0},"end":{"line":105,"column":12}},"106":{"start":{"line":107,"column":0},"end":{"line":107,"column":74}},"107":{"start":{"line":108,"column":0},"end":{"line":108,"column":80}},"108":{"start":{"line":109,"column":0},"end":{"line":109,"column":62}},"109":{"start":{"line":110,"column":0},"end":{"line":110,"column":66}},"110":{"start":{"line":111,"column":0},"end":{"line":111,"column":57}},"111":{"start":{"line":112,"column":0},"end":{"line":112,"column":13}},"112":{"start":{"line":113,"column":0},"end":{"line":113,"column":87}},"113":{"start":{"line":114,"column":0},"end":{"line":114,"column":14}},"114":{"start":{"line":115,"column":0},"end":{"line":115,"column":13}},"115":{"start":{"line":116,"column":0},"end":{"line":116,"column":77}},"116":{"start":{"line":117,"column":0},"end":{"line":117,"column":14}},"117":{"start":{"line":118,"column":0},"end":{"line":118,"column":13}},"118":{"start":{"line":119,"column":0},"end":{"line":119,"column":100}},"119":{"start":{"line":120,"column":0},"end":{"line":120,"column":14}},"120":{"start":{"line":121,"column":0},"end":{"line":121,"column":14}},"121":{"start":{"line":122,"column":0},"end":{"line":122,"column":47}},"122":{"start":{"line":123,"column":0},"end":{"line":123,"column":12}},"124":{"start":{"line":125,"column":0},"end":{"line":125,"column":60}},"125":{"start":{"line":126,"column":0},"end":{"line":126,"column":15}},"126":{"start":{"line":127,"column":0},"end":{"line":127,"column":23}},"127":{"start":{"line":128,"column":0},"end":{"line":128,"column":51}},"128":{"start":{"line":129,"column":0},"end":{"line":129,"column":33}},"129":{"start":{"line":130,"column":0},"end":{"line":130,"column":134}},"130":{"start":{"line":131,"column":0},"end":{"line":131,"column":9}},"132":{"start":{"line":133,"column":0},"end":{"line":133,"column":17}},"133":{"start":{"line":134,"column":0},"end":{"line":134,"column":15}},"134":{"start":{"line":135,"column":0},"end":{"line":135,"column":23}},"135":{"start":{"line":136,"column":0},"end":{"line":136,"column":47}},"136":{"start":{"line":137,"column":0},"end":{"line":137,"column":29}},"137":{"start":{"line":138,"column":0},"end":{"line":138,"column":159}},"138":{"start":{"line":139,"column":0},"end":{"line":139,"column":9}},"140":{"start":{"line":141,"column":0},"end":{"line":141,"column":17}},"141":{"start":{"line":142,"column":0},"end":{"line":142,"column":12}},"142":{"start":{"line":143,"column":0},"end":{"line":143,"column":81}},"144":{"start":{"line":145,"column":0},"end":{"line":145,"column":28}},"145":{"start":{"line":146,"column":0},"end":{"line":146,"column":92}},"147":{"start":{"line":148,"column":0},"end":{"line":148,"column":15}},"148":{"start":{"line":149,"column":0},"end":{"line":149,"column":12}},"149":{"start":{"line":150,"column":0},"end":{"line":150,"column":14}},"151":{"start":{"line":152,"column":0},"end":{"line":152,"column":1}}},"s":{"0":1,"9":30,"10":30,"11":30,"12":30,"13":30,"14":30,"15":30,"16":30,"18":30,"20":30,"21":13,"22":13,"23":13,"24":13,"25":13,"26":12,"27":13,"28":1,"29":1,"30":13,"31":13,"32":30,"34":30,"35":13,"37":13,"38":13,"39":13,"40":13,"41":13,"42":12,"43":13,"44":1,"45":13,"46":13,"47":13,"48":13,"50":13,"51":30,"53":30,"54":30,"55":30,"57":16,"58":16,"59":30,"61":30,"62":30,"64":30,"65":1,"66":1,"67":1,"68":1,"69":1,"70":1,"71":1,"72":0,"73":1,"74":1,"75":1,"76":1,"78":30,"79":1,"80":1,"81":1,"82":1,"83":1,"84":1,"85":1,"86":0,"87":1,"88":1,"89":1,"90":1,"92":30,"93":30,"94":30,"95":30,"96":2,"97":2,"99":2,"101":30,"102":1,"103":1,"104":1,"106":30,"107":30,"108":30,"109":30,"110":30,"111":30,"112":30,"113":30,"114":30,"115":30,"116":30,"117":30,"118":30,"119":30,"120":30,"121":30,"122":30,"124":30,"125":30,"126":30,"127":30,"128":30,"129":30,"130":30,"132":30,"133":30,"134":30,"135":30,"136":30,"137":30,"138":30,"140":30,"141":30,"142":30,"144":30,"145":30,"147":30,"148":30,"149":30,"151":30},"branchMap":{"0":{"type":"branch","line":10,"loc":{"start":{"line":10,"column":0},"end":{"line":152,"column":1}},"locations":[{"start":{"line":10,"column":0},"end":{"line":152,"column":1}}]},"1":{"type":"branch","line":54,"loc":{"start":{"line":54,"column":17},"end":{"line":54,"column":80}},"locations":[{"start":{"line":54,"column":17},"end":{"line":54,"column":80}}]},"2":{"type":"branch","line":54,"loc":{"start":{"line":54,"column":75},"end":{"line":55,"column":20}},"locations":[{"start":{"line":54,"column":75},"end":{"line":55,"column":20}}]},"3":{"type":"branch","line":55,"loc":{"start":{"line":55,"column":13},"end":{"line":55,"column":60}},"locations":[{"start":{"line":55,"column":13},"end":{"line":55,"column":60}}]},"4":{"type":"branch","line":55,"loc":{"start":{"line":55,"column":55},"end":{"line":56,"column":20}},"locations":[{"start":{"line":55,"column":55},"end":{"line":56,"column":20}}]},"5":{"type":"branch","line":56,"loc":{"start":{"line":56,"column":13},"end":{"line":56,"column":69}},"locations":[{"start":{"line":56,"column":13},"end":{"line":56,"column":69}}]},"6":{"type":"branch","line":56,"loc":{"start":{"line":56,"column":64},"end":{"line":60,"column":44}},"locations":
[...]
"start":{"line":221,"column":0},"end":{"line":221,"column":3}},"221":{"start":{"line":222,"column":0},"end":{"line":222,"column":12}},"222":{"start":{"line":223,"column":0},"end":{"line":223,"column":35}},"223":{"start":{"line":224,"column":0},"end":{"line":224,"column":34}},"224":{"start":{"line":225,"column":0},"end":{"line":225,"column":45}},"225":{"start":{"line":226,"column":0},"end":{"line":226,"column":22}},"226":{"start":{"line":227,"column":0},"end":{"line":227,"column":19}},"227":{"start":{"line":228,"column":0},"end":{"line":228,"column":28}},"228":{"start":{"line":229,"column":0},"end":{"line":229,"column":23}},"229":{"start":{"line":230,"column":0},"end":{"line":230,"column":4}},"230":{"start":{"line":231,"column":0},"end":{"line":231,"column":3}},"231":{"start":{"line":232,"column":0},"end":{"line":232,"column":12}},"232":{"start":{"line":233,"column":0},"end":{"line":233,"column":35}},"233":{"start":{"line":234,"column":0},"end":{"line":234,"column":33}},"234":{"start":{"line":235,"column":0},"end":{"line":235,"column":49}},"235":{"start":{"line":236,"column":0},"end":{"line":236,"column":22}},"236":{"start":{"line":237,"column":0},"end":{"line":237,"column":24}},"237":{"start":{"line":238,"column":0},"end":{"line":238,"column":26}},"238":{"start":{"line":239,"column":0},"end":{"line":239,"column":24}},"239":{"start":{"line":240,"column":0},"end":{"line":240,"column":4}},"240":{"start":{"line":241,"column":0},"end":{"line":241,"column":2}},"242":{"start":{"line":243,"column":0},"end":{"line":243,"column":28}},"243":{"start":{"line":244,"column":0},"end":{"line":244,"column":59}},"244":{"start":{"line":245,"column":0},"end":{"line":245,"column":1}},"246":{"start":{"line":247,"column":0},"end":{"line":247,"column":31}},"247":{"start":{"line":248,"column":0},"end":{"line":248,"column":32}},"248":{"start":{"line":249,"column":0},"end":{"line":249,"column":1}},"250":{"start":{"line":251,"column":0},"end":{"line":251,"column":50}},"251":{"start":{"line":252,"column":0},"end":{"line":252,"column":44}},"252":{"start":{"line":253,"column":0},"end":{"line":253,"column":33}},"253":{"start":{"line":254,"column":0},"end":{"line":254,"column":1}},"255":{"start":{"line":256,"column":0},"end":{"line":256,"column":76}},"256":{"start":{"line":257,"column":0},"end":{"line":257,"column":70}},"257":{"start":{"line":258,"column":0},"end":{"line":258,"column":55}},"258":{"start":{"line":259,"column":0},"end":{"line":259,"column":63}},"259":{"start":{"line":260,"column":0},"end":{"line":260,"column":60}},"260":{"start":{"line":261,"column":0},"end":{"line":261,"column":60}},"262":{"start":{"line":263,"column":0},"end":{"line":263,"column":31}},"263":{"start":{"line":264,"column":0},"end":{"line":264,"column":58}},"264":{"start":{"line":265,"column":0},"end":{"line":265,"column":106}},"266":{"start":{"line":267,"column":0},"end":{"line":267,"column":38}},"267":{"start":{"line":268,"column":0},"end":{"line":268,"column":99}},"268":{"start":{"line":269,"column":0},"end":{"line":269,"column":51}},"269":{"start":{"line":270,"column":0},"end":{"line":270,"column":5}},"271":{"start":{"line":272,"column":0},"end":{"line":272,"column":70}},"272":{"start":{"line":273,"column":0},"end":{"line":273,"column":74}},"273":{"start":{"line":274,"column":0},"end":{"line":274,"column":74}},"274":{"start":{"line":275,"column":0},"end":{"line":275,"column":16}},"275":{"start":{"line":276,"column":0},"end":{"line":276,"column":5}},"276":{"start":{"line":277,"column":0},"end":{"line":277,"column":1}},"278":{"start":{"line":279,"column":0},"end":{"line":279,"column":62}},"279":{"start":{"line":280,"column":0},"end":{"line":280,"column":19}},"280":{"start":{"line":281,"column":0},"end":{"line":281,"column":21}},"281":{"start":{"line":282,"column":0},"end":{"line":282,"column":1}},"283":{"start":{"line":284,"column":0},"end":{"line":284,"column":94}},"284":{"start":{"line":285,"column":0},"end":{"line":285,"column":19}},"285":{"start":{"line":286,"column":0},"end":{"line":286,"column":70}},"286":{"start":{"line":287,"column":0},"end":{"line":287,"column":43}},"287":{"start":{"line":288,"column":0},"end":{"line":288,"column":1}},"289":{"start":{"line":290,"column":0},"end":{"line":290,"column":34}},"290":{"start":{"line":291,"column":0},"end":{"line":291,"column":24}},"291":{"start":{"line":292,"column":0},"end":{"line":292,"column":24}},"292":{"start":{"line":293,"column":0},"end":{"line":293,"column":30}},"293":{"start":{"line":294,"column":0},"end":{"line":294,"column":19}},"294":{"start":{"line":295,"column":0},"end":{"line":295,"column":56}},"295":{"start":{"line":296,"column":0},"end":{"line":296,"column":10}},"296":{"start":{"line":297,"column":0},"end":{"line":297,"column":20}},"297":{"start":{"line":298,"column":0},"end":{"line":298,"column":11}},"298":{"start":{"line":299,"column":0},"end":{"line":299,"column":29}},"299":{"start":{"line":300,"column":0},"end":{"line":300,"column":31}},"300":{"start":{"line":301,"column":0},"end":{"line":301,"column":6}},"301":{"start":{"line":302,"column":0},"end":{"line":302,"column":4}},"302":{"start":{"line":303,"column":0},"end":{"line":303,"column":1}},"304":{"start":{"line":305,"column":0},"end":{"line":305,"column":68}},"305":{"start":{"line":306,"column":0},"end":{"line":306,"column":19}},"306":{"start":{"line":307,"column":0},"end":{"line":307,"column":48}},"307":{"start":{"line":308,"column":0},"end":{"line":308,"column":45}},"308":{"start":{"line":309,"column":0},"end":{"line":309,"column":12}},"309":{"start":{"line":310,"column":0},"end":{"line":310,"column":1}},"311":{"start":{"line":312,"column":0},"end":{"line":312,"column":66}},"312":{"start":{"line":313,"column":0},"end":{"line":313,"column":19}},"313":{"start":{"line":314,"column":0},"end":{"line":314,"column":48}},"314":{"start":{"line":315,"column":0},"end":{"line":315,"column":45}},"315":{"start":{"line":316,"column":0},"end":{"line":316,"column":96}},"316":{"start":{"line":317,"column":0},"end":{"line":317,"column":25}},"317":{"start":{"line":318,"column":0},"end":{"line":318,"column":31}},"318":{"start":{"line":319,"column":0},"end":{"line":319,"column":12}},"319":{"start":{"line":320,"column":0},"end":{"line":320,"column":1}},"321":{"start":{"line":322,"column":0},"end":{"line":322,"column":62}},"322":{"start":{"line":323,"column":0},"end":{"line":323,"column":19}},"323":{"start":{"line":324,"column":0},"end":{"line":324,"column":48}},"324":{"start":{"line":325,"column":0},"end":{"line":325,"column":45}},"325":{"start":{"line":326,"column":0},"end":{"line":326,"column":65}},"326":{"start":{"line":327,"column":0},"end":{"line":327,"column":21}},"327":{"start":{"line":328,"column":0},"end":{"line":328,"column":12}},"328":{"start":{"line":329,"column":0},"end":{"line":329,"column":1}}},"s":{"9":1,"10":1,"11":1,"12":1,"13":1,"14":1,"15":1,"16":1,"17":1,"18":1,"19":1,"20":1,"21":1,"22":1,"23":1,"24":1,"25":1,"26":1,"27":1,"28":1,"29":1,"30":1,"31":1,"32":1,"33":1,"34":1,"36":1,"37":1,"38":1,"39":1,"40":1,"41":1,"42":1,"43":1,"44":1,"45":1,"46":1,"47":1,"48":1,"49":1,"50":1,"51":1,"52":1,"53":1,"54":1,"55":1,"56":1,"57":1,"58":1,"59":1,"60":1,"61":1,"62":1,"63":1,"64":1,"65":1,"66":1,"67":1,"68":1,"69":1,"70":1,"71":1,"72":1,"73":1,"74":1,"75":1,"76":1,"77":1,"78":1,"79":1,"80":1,"81":1,"82":1,"83":1,"84":1,"85":1,"86":1,"87":1,"88":1,"89":1,"90":1,"91":1,"92":1,"93":1,"94":1,"95":1,"96":1,"97":1,"98":1,"99":1,"100":1,"101":1,"102":1,"103":1,"104":1,"105":1,"106":1,"107":1,"108":1,"109":1,"110":1,"111":1,"112":1,"113":1,"114":1,"115":1,"116":1,"117":1,"118":1,"119":1,"120":1,"121":1,"122":1,"123":1,"124":1,"125":1,"126":1,"127":1,"128":1,"129":1,"130":1,"131":1,"132":1,"133":1,"134":1,"135":1,"136":1,"137":1,"138":1,"139":1,"140":1,"141":1,"142":1,"143":1,"144":1,"145":1,"146":1,"147":1,"148":1,"149":1,"150":1,"151":1,"152":1,"153":1,"154":1,"155":1,"156":1,"157":1,"158":1,"159":1,"160":1,"161":1,"162":1,"163":1,"164":1,"165":1,"166":1,"167":1,"168":1,"169":1,"170":1,"171":1,"172":1,"173":1,"174":1,"175":1,"176":1,"177":1,"178":1,"179":1,"180":1,"181":1,"182":1,"183":1,"184":1,"185":1,"186":1,"187":1,"188":1,"189":1,"190":1,"191":1,"192":1,"193":1,"194":1,"195":1,"196":1,"197":1,"198":1,"199":1,"200":1,"201":1,"202":1,"203":1,"204":1,"205":1,"206":1,"207":1,"208":1,"209":1,"210":1,"211":1,"212":1,"213":1,"214":1,"215":1,"216":1,"217":1,"218":1,"219":1,"220":1,"221":1,"222":1,"223":1,"224":1,"225":1,"226":1,"227":1,"228":1,"229":1,"230":1,"231":1,"232":1,"233":1,"234":1,"235":1,"236":1,"237":1,"238":1,"239":1,"240":1,"242":0,"243":0,"244":0,"246":0,"247":0,"248":0,"250":0,"251":0,"252":0,"253":0,"255":0,"256":0,"257":0,"258":0,"259":0,"260":0,"262":0,"263":0,"264":0,"266":0,"267":0,"268":0,"269":0,"271":0,"272":0,"273":0,"274":0,"275":0,"276":0,"278":0,"279":0,"280":0,"281":0,"283":0,"284":0,"285":0,"286":0,"287":0,"289":0,"290":0,"291":0,"292":0,"293":0,"294":0,"295":0,"296":0,"297":0,"298":0,"299":0,"300":0,"301":0,"302":0,"304":0,"305":0,"306":0,"307":0,"308":0,"309":0,"311":0,"312":0,"313":0,"314":0,"315":0,"316":0,"317":0,"318":0,"319":0,"321":0,"322":0,"323":0,"324":0,"325":0,"326":0,"327":0,"328":0},"branchMap":{},"b":{},"fnMap":{"0":{"name":"sleep","decl":{"start":{"line":243,"column":0},"end":{"line":245,"column":1}},"loc":{"start":{"line":243,"column":0},"end":{"line":245,"column":1}},"line":243},"1":{"name":"normalize","decl":{"start":{"line":247,"column":0},"end":{"line":249,"column":1}},"loc":{"start":{"line":247,"column":0},"end":{"line":249,"column":1}},"line":247},"2":{"name":"priceInCentsFromDollars","decl":{"start":{"line":251,"column":0},"end":{"line":254,"column":1}},"loc":{"start":{"line":251,"column":0},"end":{"line":254,"column":1}},"line":251},"3":{"name":"applyFilters","decl":{"start":{"line":256,"column":0},"end":{"line":277,"column":1}},"loc":{"start":{"line":256,"column":0},"end":{"line":277,"column":1}},"line":256},"4":{"name":"getCommunities","decl":{"start":{"line":279,"column":0},"end":{"line":282,"column":1}},"loc":{"start":{"line":279,"column":0},"end":{"line":282,"column":1}},"line":279},"5":{"name":"getCommunityRule","decl":{"start":{"line":284,"column":0},"end":{"line":288,"column":1}},"loc":{"start":{"line":284,"column":0},"end":{"line":288,"column":1}},"line":284},"6":{"name":"getListings","decl":{"start":{"line":290,"column":0},"end":{"line":303,"column":1}},"loc":{"start":{"line":290,"column":0},"end":{"line":303,"column":1}},"line":290},"7":{"name":"getItemDetail","decl":{"start":{"line":305,"column":0},"end":{"line":310,"column":1}},"loc":{"start":{"line":305,"column":0},"end":{"line":310,"column":1}},"line":305},"8":{"name":"reserveItem","decl":{"start":{"line":312,"column":0},"end":{"line":320,"column":1}},"loc":{"start":{"line":312,"column":0},"end":{"line":320,"column":1}},"line":312},"9":{"name":"buyItem","decl":{"start":{"line":322,"column":0},"end":{"line":329,"column":1}},"loc":{"start":{"line":322,"column":0},"end":{"line":329,"column":1}},"line":322}},"f":{"0":0,"1":0,"2":0,"3":0,"4":0,"5":0,"6":0,"7":0,"8":0,"9":0}}
,"D:\\Cursor\\CSCI3100\\CSCI3100-Group2-Project\\frontend\\src\\types\\marketplace.ts": {"path":"D:\\Cursor\\CSCI3100\\CSCI3100-Group2-Project\\frontend\\src\\types\\marketplace.ts","all":true,"statementMap":{},"s":{},"branchMap":{"0":{"type":"branch","line":1,"loc":{"start":{"line":1,"column":898},"end":{"line":45,"column":2}},"locations":[{"start":{"line":1,"column":898},"end":{"line":45,"column":2}}]}},"b":{"0":[1]},"fnMap":{"0":{"name":"(empty-report)","decl":{"start":{"line":1,"column":898},"end":{"line":45,"column":2}},"loc":{"start":{"line":1,"column":898},"end":{"line":45,"column":2}},"line":1}},"f":{"0":1}}
,"D:\\Cursor\\CSCI3100\\CSCI3100-Group2-Project\\frontend\\src\\utils\\communityRules.ts": {"path":"D:\\Cursor\\CSCI3100\\CSCI3100-Group2-Project\\frontend\\src\\utils\\communityRules.ts","all":false,"statementMap":{"2":{"start":{"line":3,"column":0},"end":{"line":3,"column":53}},"3":{"start":{"line":4,"column":0},"end":{"line":4,"column":39}},"4":{"start":{"line":5,"column":0},"end":{"line":5,"column":1}},"6":{"start":{"line":7,"column":0},"end":{"line":7,"column":87}},"7":{"start":{"line":8,"column":0},"end":{"line":8,"column":65}},"8":{"start":{"line":9,"column":0},"end":{"line":9,"column":71}},"9":{"start":{"line":10,"column":0},"end":{"line":10,"column":1}},"11":{"start":{"line":12,"column":0},"end":{"line":12,"column":85}},"12":{"start":{"line":13,"column":0},"end":{"line":13,"column":53}},"13":{"start":{"line":14,"column":0},"end":{"line":14,"column":51}},"14":{"start":{"line":15,"column":0},"end":{"line":15,"column":1}},"17":{"start":{"line":18,"column":0},"end":{"line":18,"column":99}},"18":{"start":{"line":19,"column":0},"end":{"line":19,"column":85}},"19":{"start":{"line":20,"column":0},"end":{"line":20,"column":49}},"20":{"start":{"line":21,"column":0},"end":{"line":21,"column":1}}},"s":{"2":1,"3":18,"4":18,"6":1,"7":19,"8":18,"9":18,"11":1,"12":18,"13":18,"14":18,"17":1,"18":10,"19":3,"20":3},"branchMap":{"0":{"type":"branch","line":3,"loc":{"start":{"line":3,"column":7},"end":{"line":5,"column":1}},"locations":[{"start":{"line":3,"column":7},"end":{"line":5,"column":1}}]},"1":{"type":"branch","line":7,"loc":{"start":{"line":7,"column":7},"end":{"line":10,"column":1}},"locations":[{"start":{"line":7,"column":7},"end":{"line":10,"column":1}}]},"2":{"type":"branch","line":8,"loc":{"start":{"line":8,"column":53},"end":{"line":8,"column":65}},"locations":[{"start":{"line":8,"column":53},"end":{"line":8,"column":65}}]},"3":{"type":"branch","line":8,"loc":{"start":{"line":8,"column":60},"end":{"line":10,"column":1}},"locations":[{"start":{"line":8,"column":60},"end":{"line":10,"column":1}}]},"4":{"type":"branch","line":12,"loc":{"start":{"line":12,"column":7},"end":{"line":15,"column":1}},"locations":[{"start":{"line":12,"column":7},"end":{"line":15,"column":1}}]},"5":{"type":"branch","line":13,"loc":{"start":{"line":13,"column":40},"end":{"line":13,"column":53}},"locations":[{"start":{"line":13,"column":40},"end":{"line":13,"column":53}}]},"6":{"type":"branch","line":18,"loc":{"start":{"line":18,"column":7},"end":{"line":21,"column":1}},"locations":[{"start":{"line":18,"column":7},"end":{"line":21,"column":1}}]},"7":{"type":"branch","line":19,"loc":{"start":{"line":19,"column":72},"end":{"line":19,"column":85}},"locations":[{"start":{"line":19,"column":72},"end":{"line":19,"column":85}}]},"8":{"type":"branch","line":19,"loc":{"start":{"line":19,"column":79},"end":{"line":21,"column":1}},"locations":[{"start":{"line":19,"column":79},"end":{"line":21,"column":1}}]}},"b":{"0":[18],"1":[19],"2":[1],"3":[18],"4":[18],"5":[0],"6":[10],"7":[7],"8":[3]},"fnMap":{"0":{"name":"normalizeCategory","decl":{"start":{"line":3,"column":7},"end":{"line":5,"column":1}},"loc":{"start":{"line":3,"column":7},"end":{"line":5,"column":1}},"line":3},"1":{"name":"isCategoryAllowedByRule","decl":{"start":{"line":7,"column":7},"end":{"line":10,"column":1}},"loc":{"start":{"line":7,"column":7},"end":{"line":10,"column":1}},"line":7},"2":{"name":"itemPriceExceedsMax","decl":{"start":{"line":12,"column":7},"end":{"line":15,"column":1}},"loc":{"start":{"line":12,"column":7},"end":{"line":15,"column":1}},"line":12},"3":{"name":"filterMinExceedsCommunityMax","decl":{"start":{"line":18,"column":7},"end":{"line":21,"column":1}},"loc":{"start":{"line":18,"column":7},"end":{"line":21,"column":1}},"line":18}},"f":{"0":18,"1":19,"2":18,"3":10}}
,"D:\\Cursor\\CSCI3100\\CSCI3100-Group2-Project\\frontend\\src\\utils\\format.ts": {"path":"D:\\Cursor\\CSCI3100\\CSCI3100-Group2-Project\\frontend\\src\\utils\\format.ts","all":false,"statementMap":{"0":{"start":{"line":1,"column":0},"end":{"line":1,"column":60}},"1":{"start":{"line":2,"column":0},"end":{"line":2,"column":35}},"2":{"start":{"line":3,"column":0},"end":{"line":3,"column":44}},"3":{"start":{"line":4,"column":0},"end":{"line":4,"column":22}},"4":{"start":{"line":5,"column":0},"end":{"line":5,"column":20}},"5":{"start":{"line":6,"column":0},"end":{"line":6,"column":29}},"6":{"start":{"line":7,"column":0},"end":{"line":7,"column":5}},"7":{"start":{"line":8,"column":0},"end":{"line":8,"column":1}},"9":{"start":{"line":10,"column":0},"end":{"line":10,"column":42}},"10":{"start":{"line":11,"column":0},"end":{"line":11,"column":25}},"11":{"start":{"line":12,"column":0},"end":{"line":12,"column":19}},"12":{"start":{"line":13,"column":0},"end":{"line":13,"column":10}},"13":{"start":{"line":14,"column":0},"end":{"line":14,"column":17}},"14":{"start":{"line":15,"column":0},"end":{"line":15,"column":69}},"15":{"start":{"line":16,"column":0},"end":{"line":16,"column":15}},"16":{"start":{"line":17,"column":0},"end":{"line":17,"column":1}}},"s":{"0":1,"1":63,"2":63,"3":63,"4":63,"5":63,"6":63,"7":63,"9":1,"10":302,"11":302,"12":300,"13":300,"14":300,"15":300,"16":300},"branchMap":{"0":{"type":"branch","line":1,"loc":{"start":{"line":1,"column":7},"end":{"line":8,"column":1}},"locations":[{"start":{"line":1,"column":7},"end":{"line":8,"column":1}}]},"1":{"type":"branch","line":10,"loc":{"start":{"line":10,"column":7},"end":{"line":17,"column":1}},"locations":[{"start":{"line":10,"column":7},"end":{"line":17,"column":1}}]},"2":{"type":"branch","line":12,"loc":{"start":{"line":12,"column":10},"end":{"line":12,"column":19}},"locations":[{"start":{"line":12,"column":10},"end":{"line":12,"column":19}}]},"3":{"type":"branch","line":12,"loc":{"start":{"line":12,"column":17},"end":{"line":17,"column":1}},"locations":[{"start":{"line":12,"column":17},"end":{"line":17,"column":1}}]},"4":{"type":"branch","line":15,"loc":{"start":{"line":15,"column":9},"end":{"line":15,"column":68}},"locations":[{"start":{"line":15,"column":9},"end":{"line":15,"column":68}}]}},"b":{"0":[63],"1":[302],"2":[2],"3":[300],"4":[305]},"fnMap":{"0":{"name":"formatDollarsFromCents","decl":{"start":{"line":1,"column":7},"end":{"line":8,"column":1}},"loc":{"start":{"line":1,"column":7},"end":{"line":8,"column":1}},"line":1},"1":{"name":"titleCase","decl":{"start":{"line":10,"column":7},"end":{"line":17,"column":1}},"loc":{"start":{"line":10,"column":7},"end":{"line":17,"column":1}},"line":10}},"f":{"0":63,"1":302}}
,"D:\\Cursor\\CSCI3100\\CSCI3100-Group2-Project\\frontend\\src\\utils\\hooks.ts": {"path":"D:\\Cursor\\CSCI3100\\CSCI3100-Group2-Project\\frontend\\src\\utils\\hooks.ts","all":false,"statementMap":{"0":{"start":{"line":1,"column":0},"end":{"line":1,"column":44}},"2":{"start":{"line":3,"column":0},"end":{"line":3,"column":65}},"3":{"start":{"line":4,"column":0},"end":{"line":4,"column":52}},"5":{"start":{"line":6,"column":0},"end":{"line":6,"column":19}},"6":{"start":{"line":7,"column":0},"end":{"line":7,"column":66}},"7":{"start":{"line":8,"column":0},"end":{"line":8,"column":38}},"8":{"start":{"line":9,"column":0},"end":{"line":9,"column":23}},"10":{"start":{"line":11,"column":0},"end":{"line":11,"column":19}},"11":{"start":{"line":12,"column":0},"end":{"line":12,"column":1}}},"s":{"0":1,"2":1,"3":14,"5":14,"6":10,"7":10,"8":14,"10":14,"11":14},"branchMap":{"0":{"type":"branch","line":3,"loc":{"start":{"line":3,"column":7},"end":{"line":12,"column":1}},"locations":[{"start":{"line":3,"column":7},"end":{"line":12,"column":1}}]},"1":{"type":"branch","line":6,"loc":{"start":{"line":6,"column":12},"end":{"line":9,"column":5}},"locations":[{"start":{"line":6,"column":12},"end":{"line":9,"column":5}}]},"2":{"type":"branch","line":7,"loc":{"start":{"line":7,"column":30},"end":{"line":7,"column":57}},"locations":[{"start":{"line":7,"column":30},"end":{"line":7,"column":57}}]},"3":{"type":"branch","line":8,"loc":{"start":{"line":8,"column":11},"end":{"line":8,"column":38}},"locations":[{"start":{"line":8,"column":11},"end":{"line":8,"column":38}}]}},"b":{"0":[14],"1":[10],"2":[4],"3":[10]},"fnMap":{"0":{"name":"useDebouncedValue","decl":{"start":{"line":3,"column":7},"end":{"line":12,"column":1}},"loc":{"start":{"line":3,"column":7},"end":{"line":12,"column":1}},"line":3}},"f":{"0":14}}
}
