{
  "RSpec": {
    "coverage": {
      "C:/Users/Wong Nam Chun/Desktop/cuhk/y4s2/CSCI3100/Project/CSCI3100-Group2-Project/app/models/user.rb": {
        "lines": [
          1,
          1,
          null,
          null,
          1,
          null,
          1,
          null,
          1,
          0,
          null,
          null,
          1,
          null,
          null,
          1,
          68,
          null,
          1,
          null,
          1,
          null,
          1,
          null
        ]
      },
      "C:/Users/Wong Nam Chun/Desktop/cuhk/y4s2/CSCI3100/Project/CSCI3100-Group2-Project/app/models/application_record.rb": {
        "lines": [
          1,
          1,
          null
        ]
      },
      "C:/Users/Wong Nam Chun/Desktop/cuhk/y4s2/CSCI3100/Project/CSCI3100-Group2-Project/app/helpers/application_helper.rb": {
        "lines": [
          1,
          null
        ]
      },
      "C:/Users/Wong Nam Chun/Desktop/cuhk/y4s2/CSCI3100/Project/CSCI3100-Group2-Project/app/helpers/items_helper.rb": {
        "lines": [
          1,
          null
        ]
      },
      "C:/Users/Wong Nam Chun/Desktop/cuhk/y4s2/CSCI3100/Project/CSCI3100-Group2-Project/app/helpers/registrations_helper.rb": {
        "lines": [
          1,
          null
        ]
      },
      "C:/Users/Wong Nam Chun/Desktop/cuhk/y4s2/CSCI3100/Project/CSCI3100-Group2-Project/app/helpers/sessions_helper.rb": {
        "lines": [
          1,
          null
        ]
      },
      "C:/Users/Wong Nam Chun/Desktop/cuhk/y4s2/CSCI3100/Project/CSCI3100-Group2-Project/app/helpers/welcome_helper.rb": {
        "lines": [
          1,
          null
        ]
      },
      "C:/Users/Wong Nam Chun/Desktop/cuhk/y4s2/CSCI3100/Project/CSCI3100-Group2-Project/app/models/community_rule.rb": {
        "lines": [
          1,
          1,
          null,
          1,
          null,
          null,
          null,
          null,
          null,
          1,
          null,
          null,
          null,
          null,
          null,
          1,
          null,
          1,
          null,
          1,
          3,
          3,
          3,
          null,
          2,
          null,
          null,
          1,
          null,
          1,
          7,
          3,
          null,
          null,
          null,
          null,
          null,
          1,
          8,
          null,
          null,
          1,
          7,
          2,
          null,
          null,
          null,
          7,
          null,
          0,
          null,
          null
        ]
      },
      "C:/Users/Wong Nam Chun/Desktop/cuhk/y4s2/CSCI3100/Project/CSCI3100-Group2-Project/app/models/community.rb": {
        "lines": [
          1,
          1,
          1,
          1,
          null,
          1,
          null,
          null,
          null,
          1,
          null,
          null,
          null,
          null,
          null,
          null,
          null,
          1,
          null,
          1,
          null,
          1,
          null,
          1,
          68,
          68,
          68,
          66,
          null,
          2,
          null,
          null,
          null
        ]
      },
      "C:/Users/Wong Nam Chun/Desktop/cuhk/y4s2/CSCI3100/Project/CSCI3100-Group2-Project/app/models/item.rb": {
        "lines": [
          1,
          1,
          1,
          null,
          1,
          null,
          1,
          null,
          1,
          1,
          1,
          null,
          null,
          1,
          162,
          null,
          null,
          1,
          35,
          null,
          null,
          null,
          1,
          12,
          null,
          null,
          1,
          8,
          null,
          null,
          1,
          8,
          7,
          null,
          1,
          1,
          null,
          null,
          null,
          1,
          4,
          3,
          null,
          1,
          1,
          null,
          null,
          null,
          null,
          1,
          1,
          1,
          null,
          1,
          null,
          1,
          32,
          null,
          null
        ]
      },
      "C:/Users/Wong Nam Chun/Desktop/cuhk/y4s2/CSCI3100/Project/CSCI3100-Group2-Project/app/policies/application_policy.rb": {
        "lines": [
          1,
          1,
          null,
          1,
          8,
          8,
          null,
          null,
          1,
          1,
          null,
          null,
          1,
          1,
          null,
          null,
          1,
          2,
          null,
          null,
          1,
          1,
          null,
          null,
          1,
          2,
          null,
          null,
          1,
          1,
          null,
          null,
          1,
          1,
          null,
          null,
          1,
          1,
          null,
          1,
          2,
          2,
          null,
          null,
          1,
          1,
          null,
          null,
          null
        ]
      },
      "C:/Users/Wong Nam Chun/Desktop/cuhk/y4s2/CSCI3100/Project/CSCI3100-Group2-Project/app/controllers/welcome_controller.rb": {
        "lines": [
          1,
          1,
          null,
          null
        ]
      },
      "C:/Users/Wong Nam Chun/Desktop/cuhk/y4s2/CSCI3100/Project/CSCI3100-Group2-Project/app/controllers/application_controller.rb": {
        "lines": [
          1,
          1,
          null,
          1,
          null,
          1,
          null,
          1,
          26,
          26,
          null,
          26,
          24,
          24,
          null,
          2,
          null,
          null,
          null
        ]
      },
      "C:/Users/Wong Nam Chun/Desktop/cuhk/y4s2/CSCI3100/Project/CSCI3100-Group2-Project/app/controllers/items_controller.rb": {
        "lines": [
          1,
          1,
          1,
          1,
          null,
          1,
          5,
          5,
          5,
          null,
          null,
          1,
          1,
          null,
          null,
          1,
          2,
          2,
          2,
          1,
          null,
          1,
          null,
          null,
          null,
          1,
          3,
          2,
          1,
          null,
          1,
          null,
          null,
          1,
          null,
          null,
          null,
          1,
          2,
          1,
          1,
          null,
          1,
          null,
          null,
          null,
          1,
          5,
          2,
          2,
          null,
          0,
          null,
          null,
          3,
          null,
          null,
          null,
          1,
          4,
          2,
          2,
          null,
          0,
          null,
          null,
          2,
          null,
          null,
          null,
          1,
          null,
          1,
          17,
          null,
          1,
          null,
          null,
          1,
          null,
          16,
          1,
          null,
          null,
          null,
          1,
          4,
          null,
          null,
          1,
          5,
          5,
          5,
          5,
          5,
          1,
          null,
          5,
          null,
          null
        ]
      },
      "C:/Users/Wong Nam Chun/Desktop/cuhk/y4s2/CSCI3100/Project/CSCI3100-Group2-Project/app/serializers/item_serializer.rb": {
        "lines": [
          1,
          1,
          1,
          1,
          null
        ]
      },
      "C:/Users/Wong Nam Chun/Desktop/cuhk/y4s2/CSCI3100/Project/CSCI3100-Group2-Project/app/serializers/user_serializer.rb": {
        "lines": [
          1,
          1,
          null
        ]
      },
      "C:/Users/Wong Nam Chun/Desktop/cuhk/y4s2/CSCI3100/Project/CSCI3100-Group2-Project/app/controllers/registrations_controller.rb": {
        "lines": [
          1,
          null,
          1,
          null,
          1,
          null,
          1,
          4,
          null,
          4,
          4,
          null,
          4,
          1,
          0,
          null,
          0,
          null,
          0,
          null,
          null,
          null,
          0,
          0,
          null,
          null,
          null,
          null,
          1,
          null,
          null,
          3,
          3,
          3,
          null,
          null,
          null,
          1,
          null,
          1,
          5,
          1,
          null,
          null,
          null,
          1,
          4,
          null,
          null,
          1,
          null,
          0,
          null,
          null
        ]
      },
      "C:/Users/Wong Nam Chun/Desktop/cuhk/y4s2/CSCI3100/Project/CSCI3100-Group2-Project/app/controllers/sessions_controller.rb": {
        "lines": [
          1,
          null,
          1,
          null,
          1,
          null,
          1,
          5,
          4,
          2,
          2,
          null,
          2,
          null,
          null,
          null,
          2,
          2,
          null,
          null,
          null,
          null,
          2,
          null,
          null,
          null,
          1,
          1,
          1,
          null,
          null
        ]
      },
      "C:/Users/Wong Nam Chun/Desktop/cuhk/y4s2/CSCI3100/Project/CSCI3100-Group2-Project/app/jobs/application_job.rb": {
        "lines": [
          0,
          null,
          null,
          null,
          null,
          null,
          0
        ],
        "branches": {}
      },
      "C:/Users/Wong Nam Chun/Desktop/cuhk/y4s2/CSCI3100/Project/CSCI3100-Group2-Project/app/mailers/application_mailer.rb": {
        "lines": [
          0,
          0,
          0,
          0
        ],
        "branches": {}
      },
      "C:/Users/Wong Nam Chun/Desktop/cuhk/y4s2/CSCI3100/Project/CSCI3100-Group2-Project/app/policies/item_policy.rb": {
        "lines": [
          0,
          null,
          null,
          null,
          null,
          null,
          0,
          0,
          0,
          null,
          0,
          0,
          0,
          null,
          0,
          0,
          0,
          null,
          0,
          0,
          0,
          null,
          0,
          0,
          0,
          null,
          0,
          0,
          0,
          null,
          0,
          0,
          0,
          null,
          0,
          null,
          null,
          null,
          null,
          0,
          0,
          0,
          0,
          null,
          null,
          0,
          0,
          0,
          0,
          0
        ],
        "branches": {}
      }
    },
    "timestamp": 1774874920
  }
}
